#
# There is insufficient memory for the Java Runtime Environment to continue.
# Native memory allocation (malloc) failed to allocate 887856 bytes for Chunk::new
# Possible reasons:
#   The system is out of physical RAM or swap space
#   In 32 bit mode, the process size limit was hit
# Possible solutions:
#   Reduce memory load on the system
#   Increase physical memory or swap space
#   Check if swap backing store is full
#   Use 64 bit Java on a 64 bit OS
#   Decrease Java heap size (-Xmx/-Xms)
#   Decrease number of Java threads
#   Decrease Java thread stack sizes (-Xss)
#   Set larger code cache with -XX:ReservedCodeCacheSize=
# This output file may be truncated or incomplete.
#
#  Out of Memory Error (allocation.cpp:390), pid=16412, tid=0x0000000000003dec
#
# JRE version: Java(TM) SE Runtime Environment (8.0_172-b11) (build 1.8.0_172-b11)
# Java VM: Java HotSpot(TM) 64-Bit Server VM (25.172-b11 mixed mode windows-amd64 compressed oops)
# Failed to write core dump. Minidumps are not enabled by default on client versions of Windows
#

---------------  T H R E A D  ---------------

Current thread (0x0000000017f39000):  JavaThread "C2 CompilerThread0" daemon [_thread_in_native, id=15852, stack(0x00000000185f0000,0x00000000186f0000)]

Stack: [0x00000000185f0000,0x00000000186f0000]
[error occurred during error reporting (printing stack bounds), id 0xc0000005]

Native frames: (J=compiled Java code, j=interpreted, Vv=VM code, C=native code)


Current CompileTask:
C2:20944231 7245   !   4       java.util.jar.Attributes::read (380 bytes)


---------------  P R O C E S S  ---------------

Java Threads: ( => current thread )
  0x000000001c0ac000 JavaThread "Framework stop" [_thread_in_Java, id=7652, stack(0x0000000024250000,0x0000000024350000)]
  0x000000001c0ac800 JavaThread "Worker-14" [_thread_blocked, id=5668, stack(0x0000000024150000,0x0000000024250000)]
  0x000000001c0ab000 JavaThread "Worker-13" [_thread_blocked, id=14376, stack(0x0000000023f50000,0x0000000024050000)]
  0x000000001931c000 JavaThread "Bundle File Closer" daemon [_thread_blocked, id=15340, stack(0x000000001bc40000,0x000000001bd40000)]
  0x0000000019db3000 JavaThread "pool-1-thread-1" [_thread_in_native, id=16932, stack(0x000000001bb40000,0x000000001bc40000)]
  0x0000000019631000 JavaThread "pool-2-thread-1" [_thread_blocked, id=1224, stack(0x000000001b740000,0x000000001b840000)]
  0x000000001996c000 JavaThread "Java indexing" daemon [_thread_blocked, id=16884, stack(0x000000001b540000,0x000000001b640000)]
  0x0000000019650800 JavaThread "Worker-JM" [_thread_blocked, id=16788, stack(0x000000001ad40000,0x000000001ae40000)]
  0x0000000019865000 JavaThread "Start Level: Equinox Container: 9d7424fa-3b51-435c-946c-8a707e5f19ba" daemon [_thread_blocked, id=5164, stack(0x000000001a840000,0x000000001a940000)]
  0x000000001910c800 JavaThread "Framework Event Dispatcher: Equinox Container: 9d7424fa-3b51-435c-946c-8a707e5f19ba" daemon [_thread_blocked, id=4956, stack(0x000000001a740000,0x000000001a840000)]
  0x0000000018f10000 JavaThread "Active Thread: Equinox Container: 9d7424fa-3b51-435c-946c-8a707e5f19ba" [_thread_blocked, id=6492, stack(0x0000000019670000,0x0000000019770000)]
  0x0000000017f49000 JavaThread "Service Thread" daemon [_thread_blocked, id=15664, stack(0x00000000187f0000,0x00000000188f0000)]
  0x0000000017f3c000 JavaThread "C1 CompilerThread1" daemon [_thread_in_vm, id=1216, stack(0x00000000186f0000,0x00000000187f0000)]
=>0x0000000017f39000 JavaThread "C2 CompilerThread0" daemon [_thread_in_native, id=15852, stack(0x00000000185f0000,0x00000000186f0000)]
  0x0000000017f35800 JavaThread "Attach Listener" daemon [_thread_blocked, id=16676, stack(0x00000000184f0000,0x00000000185f0000)]
  0x0000000017f34800 JavaThread "Signal Dispatcher" daemon [_thread_blocked, id=4660, stack(0x00000000183f0000,0x00000000184f0000)]
  0x0000000017f33800 JavaThread "Surrogate Locker Thread (Concurrent GC)" daemon [_thread_blocked, id=12744, stack(0x00000000182f0000,0x00000000183f0000)]
  0x00000000171de800 JavaThread "Finalizer" daemon [_thread_blocked, id=6032, stack(0x0000000017d00000,0x0000000017e00000)]
  0x00000000171dc800 JavaThread "Reference Handler" daemon [_thread_blocked, id=10524, stack(0x0000000017c00000,0x0000000017d00000)]
  0x00000000027e2800 JavaThread "main" [_thread_blocked, id=9500, stack(0x0000000002540000,0x0000000002640000)]

Other Threads:
  0x00000000171d7000 VMThread [stack: 0x0000000017b00000,0x0000000017c00000] [id=7028]
  0x0000000017f4f000 WatcherThread [stack: 0x00000000188f0000,0x00000000189f0000] [id=13952]

VM state:not at safepoint (normal execution)

VM Mutex/Monitor currently owned by a thread:  ([mutex/lock_event])
[0x00000000027e1a50] CompiledIC_lock - owner thread: 0x0000000017f3c000

Heap:
 garbage-first heap   total 567296K, used 49664K [0x00000000c0000000, 0x00000000c0101150, 0x0000000100000000)
  region size 1024K, 9 young (9216K), 4 survivors (4096K)
 Metaspace       used 47096K, capacity 49874K, committed 50048K, reserved 1093632K
  class space    used 4805K, capacity 5667K, committed 5760K, reserved 1048576K

Heap Regions: (Y=young(eden), SU=young(survivor), HS=humongous(starts), HC=humongous(continues), CS=collection set, F=free, TS=gc time stamp, PTAMS=previous top-at-mark-start, NTAMS=next top-at-mark-start)
AC   0  O    TS     0 PTAMS 0x00000000c0100000 NTAMS 0x00000000c0100000 space 1024K, 100% used [0x00000000c0000000, 0x00000000c0100000)
AC   0  O    TS     0 PTAMS 0x00000000c0200000 NTAMS 0x00000000c0200000 space 1024K, 100% used [0x00000000c0100000, 0x00000000c0200000)
AC   0  O    TS     0 PTAMS 0x00000000c0300000 NTAMS 0x00000000c0300000 space 1024K, 100% used [0x00000000c0200000, 0x00000000c0300000)
AC   0  O    TS    11 PTAMS 0x00000000c0300000 NTAMS 0x00000000c0300000 space 1024K, 100% used [0x00000000c0300000, 0x00000000c0400000)
AC   0  O    TS     0 PTAMS 0x00000000c0500000 NTAMS 0x00000000c0500000 space 1024K, 100% used [0x00000000c0400000, 0x00000000c0500000)
AC   0  O    TS     0 PTAMS 0x00000000c0600000 NTAMS 0x00000000c0600000 space 1024K, 100% used [0x00000000c0500000, 0x00000000c0600000)
AC   0  O    TS     0 PTAMS 0x00000000c0700000 NTAMS 0x00000000c0700000 space 1024K, 100% used [0x00000000c0600000, 0x00000000c0700000)
AC   0  O    TS     0 PTAMS 0x00000000c0800000 NTAMS 0x00000000c0800000 space 1024K, 100% used [0x00000000c0700000, 0x00000000c0800000)
AC   0  O    TS     0 PTAMS 0x00000000c0900000 NTAMS 0x00000000c0900000 space 1024K, 100% used [0x00000000c0800000, 0x00000000c0900000)
AC   0  O    TS     0 PTAMS 0x00000000c0a00000 NTAMS 0x00000000c0a00000 space 1024K, 100% used [0x00000000c0900000, 0x00000000c0a00000)
AC   0  O    TS     0 PTAMS 0x00000000c0b00000 NTAMS 0x00000000c0b00000 space 1024K, 100% used [0x00000000c0a00000, 0x00000000c0b00000)
AC   0  O    TS     0 PTAMS 0x00000000c0c00000 NTAMS 0x00000000c0c00000 space 1024K, 100% used [0x00000000c0b00000, 0x00000000c0c00000)
AC   0  O    TS     0 PTAMS 0x00000000c0d00000 NTAMS 0x00000000c0d00000 space 1024K, 100% used [0x00000000c0c00000, 0x00000000c0d00000)
AC   0  O    TS     0 PTAMS 0x00000000c0e00000 NTAMS 0x00000000c0e00000 space 1024K, 100% used [0x00000000c0d00000, 0x00000000c0e00000)
AC   0  O    TS     0 PTAMS 0x00000000c0f00000 NTAMS 0x00000000c0f00000 space 1024K, 100% used [0x00000000c0e00000, 0x00000000c0f00000)
AC   0  O    TS     0 PTAMS 0x00000000c1000000 NTAMS 0x00000000c1000000 space 1024K, 100% used [0x00000000c0f00000, 0x00000000c1000000)
AC   0  O    TS     0 PTAMS 0x00000000c1100000 NTAMS 0x00000000c1100000 space 1024K, 100% used [0x00000000c1000000, 0x00000000c1100000)
AC   0  O    TS    11 PTAMS 0x00000000c1100000 NTAMS 0x00000000c1100000 space 1024K, 100% used [0x00000000c1100000, 0x00000000c1200000)
AC   0  O    TS     0 PTAMS 0x00000000c1300000 NTAMS 0x00000000c1300000 space 1024K, 100% used [0x00000000c1200000, 0x00000000c1300000)
AC   0  O    TS     0 PTAMS 0x00000000c1400000 NTAMS 0x00000000c1400000 space 1024K, 100% used [0x00000000c1300000, 0x00000000c1400000)
AC   0  O    TS    11 PTAMS 0x00000000c1400000 NTAMS 0x00000000c1400000 space 1024K, 100% used [0x00000000c1400000, 0x00000000c1500000)
AC   0  O    TS     0 PTAMS 0x00000000c1600000 NTAMS 0x00000000c1600000 space 1024K, 100% used [0x00000000c1500000, 0x00000000c1600000)
AC   0 HS    TS     0 PTAMS 0x00000000c1680010 NTAMS 0x00000000c1680010 space 1024K,  50% used [0x00000000c1600000, 0x00000000c1700000)
AC   0  O    TS    13 PTAMS 0x00000000c1700000 NTAMS 0x00000000c1700000 space 1024K, 100% used [0x00000000c1700000, 0x00000000c1800000)
AC   0  O    TS     0 PTAMS 0x00000000c1900000 NTAMS 0x00000000c1900000 space 1024K, 100% used [0x00000000c1800000, 0x00000000c1900000)
AC   0  O    TS     1 PTAMS 0x00000000c1900000 NTAMS 0x00000000c1900000 space 1024K, 100% used [0x00000000c1900000, 0x00000000c1a00000)
AC   0  O    TS     0 PTAMS 0x00000000c1b00000 NTAMS 0x00000000c1b00000 space 1024K, 100% used [0x00000000c1a00000, 0x00000000c1b00000)
AC   0  O    TS     0 PTAMS 0x00000000c1c00000 NTAMS 0x00000000c1c00000 space 1024K, 100% used [0x00000000c1b00000, 0x00000000c1c00000)
AC   0  O    TS     3 PTAMS 0x00000000c1c00000 NTAMS 0x00000000c1c00000 space 1024K, 100% used [0x00000000c1c00000, 0x00000000c1d00000)
AC   0  O    TS     3 PTAMS 0x00000000c1d00000 NTAMS 0x00000000c1d00000 space 1024K, 100% used [0x00000000c1d00000, 0x00000000c1e00000)
AC   0  O    TS    11 PTAMS 0x00000000c1e00000 NTAMS 0x00000000c1e00000 space 1024K, 100% used [0x00000000c1e00000, 0x00000000c1f00000)
AC   0  O    TS    13 PTAMS 0x00000000c1f00000 NTAMS 0x00000000c1f00000 space 1024K, 100% used [0x00000000c1f00000, 0x00000000c2000000)
AC   0  O    TS    13 PTAMS 0x00000000c2000000 NTAMS 0x00000000c2000000 space 1024K, 100% used [0x00000000c2000000, 0x00000000c2100000)
AC   0  O    TS    13 PTAMS 0x00000000c2100000 NTAMS 0x00000000c2100000 space 1024K, 100% used [0x00000000c2100000, 0x00000000c2200000)
AC   0  O    TS    13 PTAMS 0x00000000c2200000 NTAMS 0x00000000c2200000 space 1024K, 100% used [0x00000000c2200000, 0x00000000c2300000)
AC   0  O    TS    13 PTAMS 0x00000000c2300000 NTAMS 0x00000000c2300000 space 1024K, 100% used [0x00000000c2300000, 0x00000000c2400000)
AC   0  O    TS    13 PTAMS 0x00000000c2400000 NTAMS 0x00000000c2400000 space 1024K, 100% used [0x00000000c2400000, 0x00000000c2500000)
AC   0  O    TS    13 PTAMS 0x00000000c2500000 NTAMS 0x00000000c2500000 space 1024K, 100% used [0x00000000c2500000, 0x00000000c2600000)
AC   0  O    TS    13 PTAMS 0x00000000c2600000 NTAMS 0x00000000c2600000 space 1024K, 100% used [0x00000000c2600000, 0x00000000c2700000)
AC   0  O    TS    13 PTAMS 0x00000000c2700000 NTAMS 0x00000000c2700000 space 1024K, 100% used [0x00000000c2700000, 0x00000000c2800000)
AC   0  O    TS    13 PTAMS 0x00000000c2800000 NTAMS 0x00000000c2800000 space 1024K, 100% used [0x00000000c2800000, 0x00000000c2900000)
AC   0  F    TS     3 PTAMS 0x00000000c2900000 NTAMS 0x00000000c2900000 space 1024K,   0% used [0x00000000c2900000, 0x00000000c2a00000)
AC   0  F    TS     3 PTAMS 0x00000000c2a00000 NTAMS 0x00000000c2a00000 space 1024K,   0% used [0x00000000c2a00000, 0x00000000c2b00000)
AC   0  F    TS     3 PTAMS 0x00000000c2b00000 NTAMS 0x00000000c2b00000 space 1024K,   0% used [0x00000000c2b00000, 0x00000000c2c00000)
AC   0  F    TS     3 PTAMS 0x00000000c2c00000 NTAMS 0x00000000c2c00000 space 1024K,   0% used [0x00000000c2c00000, 0x00000000c2d00000)
AC   0  F    TS     3 PTAMS 0x00000000c2d00000 NTAMS 0x00000000c2d00000 space 1024K,   0% used [0x00000000c2d00000, 0x00000000c2e00000)
AC   0  F    TS     3 PTAMS 0x00000000c2e00000 NTAMS 0x00000000c2e00000 space 1024K,   0% used [0x00000000c2e00000, 0x00000000c2f00000)
AC   0  F    TS     3 PTAMS 0x00000000c2f00000 NTAMS 0x00000000c2f00000 space 1024K,   0% used [0x00000000c2f00000, 0x00000000c3000000)
AC   0  F    TS     3 PTAMS 0x00000000c3000000 NTAMS 0x00000000c3000000 space 1024K,   0% used [0x00000000c3000000, 0x00000000c3100000)
AC   0  F    TS     3 PTAMS 0x00000000c3100000 NTAMS 0x00000000c3100000 space 1024K,   0% used [0x00000000c3100000, 0x00000000c3200000)
AC   0  F    TS     3 PTAMS 0x00000000c3200000 NTAMS 0x00000000c3200000 space 1024K,   0% used [0x00000000c3200000, 0x00000000c3300000)
AC   0  F    TS     3 PTAMS 0x00000000c3300000 NTAMS 0x00000000c3300000 space 1024K,   0% used [0x00000000c3300000, 0x00000000c3400000)
AC   0  F    TS     3 PTAMS 0x00000000c3400000 NTAMS 0x00000000c3400000 space 1024K,   0% used [0x00000000c3400000, 0x00000000c3500000)
AC   0  F    TS     3 PTAMS 0x00000000c3500000 NTAMS 0x00000000c3500000 space 1024K,   0% used [0x00000000c3500000, 0x00000000c3600000)
AC   0  F    TS     3 PTAMS 0x00000000c3600000 NTAMS 0x00000000c3600000 space 1024K,   0% used [0x00000000c3600000, 0x00000000c3700000)
AC   0  F    TS     3 PTAMS 0x00000000c3700000 NTAMS 0x00000000c3700000 space 1024K,   0% used [0x00000000c3700000, 0x00000000c3800000)
AC   0  F    TS     3 PTAMS 0x00000000c3800000 NTAMS 0x00000000c3800000 space 1024K,   0% used [0x00000000c3800000, 0x00000000c3900000)
AC   0  F    TS     3 PTAMS 0x00000000c3900000 NTAMS 0x00000000c3900000 space 1024K,   0% used [0x00000000c3900000, 0x00000000c3a00000)
AC   0  F    TS     3 PTAMS 0x00000000c3a00000 NTAMS 0x00000000c3a00000 space 1024K,   0% used [0x00000000c3a00000, 0x00000000c3b00000)
AC   0  F    TS     3 PTAMS 0x00000000c3b00000 NTAMS 0x00000000c3b00000 space 1024K,   0% used [0x00000000c3b00000, 0x00000000c3c00000)
AC   0  F    TS     3 PTAMS 0x00000000c3c00000 NTAMS 0x00000000c3c00000 space 1024K,   0% used [0x00000000c3c00000, 0x00000000c3d00000)
AC   0  F    TS     3 PTAMS 0x00000000c3d00000 NTAMS 0x00000000c3d00000 space 1024K,   0% used [0x00000000c3d00000, 0x00000000c3e00000)
AC   0  F    TS     3 PTAMS 0x00000000c3e00000 NTAMS 0x00000000c3e00000 space 1024K,   0% used [0x00000000c3e00000, 0x00000000c3f00000)
AC   0  F    TS     3 PTAMS 0x00000000c3f00000 NTAMS 0x00000000c3f00000 space 1024K,   0% used [0x00000000c3f00000, 0x00000000c4000000)
AC   0  F    TS     3 PTAMS 0x00000000c4000000 NTAMS 0x00000000c4000000 space 1024K,   0% used [0x00000000c4000000, 0x00000000c4100000)
AC   0  F    TS     5 PTAMS 0x00000000c4100000 NTAMS 0x00000000c4100000 space 1024K,   0% used [0x00000000c4100000, 0x00000000c4200000)
AC   0  F    TS     3 PTAMS 0x00000000c4200000 NTAMS 0x00000000c4200000 space 1024K,   0% used [0x00000000c4200000, 0x00000000c4300000)
AC   0  F    TS     3 PTAMS 0x00000000c4300000 NTAMS 0x00000000c4300000 space 1024K,   0% used [0x00000000c4300000, 0x00000000c4400000)
AC   0  F    TS     3 PTAMS 0x00000000c4400000 NTAMS 0x00000000c4400000 space 1024K,   0% used [0x00000000c4400000, 0x00000000c4500000)
AC   0  F    TS     3 PTAMS 0x00000000c4500000 NTAMS 0x00000000c4500000 space 1024K,   0% used [0x00000000c4500000, 0x00000000c4600000)
AC   0  F    TS     3 PTAMS 0x00000000c4600000 NTAMS 0x00000000c4600000 space 1024K,   0% used [0x00000000c4600000, 0x00000000c4700000)
AC   0  F    TS     3 PTAMS 0x00000000c4700000 NTAMS 0x00000000c4700000 space 1024K,   0% used [0x00000000c4700000, 0x00000000c4800000)
AC   0  F    TS     5 PTAMS 0x00000000c4800000 NTAMS 0x00000000c4800000 space 1024K,   0% used [0x00000000c4800000, 0x00000000c4900000)
AC   0  F    TS     5 PTAMS 0x00000000c4900000 NTAMS 0x00000000c4900000 space 1024K,   0% used [0x00000000c4900000, 0x00000000c4a00000)
AC   0  F    TS     5 PTAMS 0x00000000c4a00000 NTAMS 0x00000000c4a00000 space 1024K,   0% used [0x00000000c4a00000, 0x00000000c4b00000)
AC   0  F    TS     5 PTAMS 0x00000000c4b00000 NTAMS 0x00000000c4b00000 space 1024K,   0% used [0x00000000c4b00000, 0x00000000c4c00000)
AC   0  F    TS     5 PTAMS 0x00000000c4c00000 NTAMS 0x00000000c4c00000 space 1024K,   0% used [0x00000000c4c00000, 0x00000000c4d00000)
AC   0  F    TS     5 PTAMS 0x00000000c4d00000 NTAMS 0x00000000c4d00000 space 1024K,   0% used [0x00000000c4d00000, 0x00000000c4e00000)
AC   0  F    TS     5 PTAMS 0x00000000c4e00000 NTAMS 0x00000000c4e00000 space 1024K,   0% used [0x00000000c4e00000, 0x00000000c4f00000)
AC   0  F    TS     5 PTAMS 0x00000000c4f00000 NTAMS 0x00000000c4f00000 space 1024K,   0% used [0x00000000c4f00000, 0x00000000c5000000)
AC   0  F    TS     5 PTAMS 0x00000000c5000000 NTAMS 0x00000000c5000000 space 1024K,   0% used [0x00000000c5000000, 0x00000000c5100000)
AC   0  F    TS     5 PTAMS 0x00000000c5100000 NTAMS 0x00000000c5100000 space 1024K,   0% used [0x00000000c5100000, 0x00000000c5200000)
AC   0  F    TS     5 PTAMS 0x00000000c5200000 NTAMS 0x00000000c5200000 space 1024K,   0% used [0x00000000c5200000, 0x00000000c5300000)
AC   0  F    TS     5 PTAMS 0x00000000c5300000 NTAMS 0x00000000c5300000 space 1024K,   0% used [0x00000000c5300000, 0x00000000c5400000)
AC   0  F    TS     5 PTAMS 0x00000000c5400000 NTAMS 0x00000000c5400000 space 1024K,   0% used [0x00000000c5400000, 0x00000000c5500000)
AC   0  F    TS     5 PTAMS 0x00000000c5500000 NTAMS 0x00000000c5500000 space 1024K,   0% used [0x00000000c5500000, 0x00000000c5600000)
AC   0  F    TS     5 PTAMS 0x00000000c5600000 NTAMS 0x00000000c5600000 space 1024K,   0% used [0x00000000c5600000, 0x00000000c5700000)
AC   0  F    TS     5 PTAMS 0x00000000c5700000 NTAMS 0x00000000c5700000 space 1024K,   0% used [0x00000000c5700000, 0x00000000c5800000)
AC   0  F    TS     5 PTAMS 0x00000000c5800000 NTAMS 0x00000000c5800000 space 1024K,   0% used [0x00000000c5800000, 0x00000000c5900000)
AC   0  F    TS     5 PTAMS 0x00000000c5900000 NTAMS 0x00000000c5900000 space 1024K,   0% used [0x00000000c5900000, 0x00000000c5a00000)
AC   0  F    TS     5 PTAMS 0x00000000c5a00000 NTAMS 0x00000000c5a00000 space 1024K,   0% used [0x00000000c5a00000, 0x00000000c5b00000)
AC   0  F    TS     5 PTAMS 0x00000000c5b00000 NTAMS 0x00000000c5b00000 space 1024K,   0% used [0x00000000c5b00000, 0x00000000c5c00000)
AC   0  F    TS     5 PTAMS 0x00000000c5c00000 NTAMS 0x00000000c5c00000 space 1024K,   0% used [0x00000000c5c00000, 0x00000000c5d00000)
AC   0  F    TS     5 PTAMS 0x00000000c5d00000 NTAMS 0x00000000c5d00000 space 1024K,   0% used [0x00000000c5d00000, 0x00000000c5e00000)
AC   0  F    TS     5 PTAMS 0x00000000c5e00000 NTAMS 0x00000000c5e00000 space 1024K,   0% used [0x00000000c5e00000, 0x00000000c5f00000)
AC   0  F    TS     5 PTAMS 0x00000000c5f00000 NTAMS 0x00000000c5f00000 space 1024K,   0% used [0x00000000c5f00000, 0x00000000c6000000)
AC   0  F    TS     5 PTAMS 0x00000000c6000000 NTAMS 0x00000000c6000000 space 1024K,   0% used [0x00000000c6000000, 0x00000000c6100000)
AC   0  F    TS     5 PTAMS 0x00000000c6100000 NTAMS 0x00000000c6100000 space 1024K,   0% used [0x00000000c6100000, 0x00000000c6200000)
AC   0  F    TS     5 PTAMS 0x00000000c6200000 NTAMS 0x00000000c6200000 space 1024K,   0% used [0x00000000c6200000, 0x00000000c6300000)
AC   0  F    TS     5 PTAMS 0x00000000c6300000 NTAMS 0x00000000c6300000 space 1024K,   0% used [0x00000000c6300000, 0x00000000c6400000)
AC   0  F    TS     5 PTAMS 0x00000000c6400000 NTAMS 0x00000000c6400000 space 1024K,   0% used [0x00000000c6400000, 0x00000000c6500000)
AC   0  F    TS     5 PTAMS 0x00000000c6500000 NTAMS 0x00000000c6500000 space 1024K,   0% used [0x00000000c6500000, 0x00000000c6600000)
AC   0  F    TS     5 PTAMS 0x00000000c6600000 NTAMS 0x00000000c6600000 space 1024K,   0% used [0x00000000c6600000, 0x00000000c6700000)
AC   0  F    TS     5 PTAMS 0x00000000c6700000 NTAMS 0x00000000c6700000 space 1024K,   0% used [0x00000000c6700000, 0x00000000c6800000)
AC   0  F    TS     5 PTAMS 0x00000000c6800000 NTAMS 0x00000000c6800000 space 1024K,   0% used [0x00000000c6800000, 0x00000000c6900000)
AC   0  F    TS     5 PTAMS 0x00000000c6900000 NTAMS 0x00000000c6900000 space 1024K,   0% used [0x00000000c6900000, 0x00000000c6a00000)
AC   0  F    TS     5 PTAMS 0x00000000c6a00000 NTAMS 0x00000000c6a00000 space 1024K,   0% used [0x00000000c6a00000, 0x00000000c6b00000)
AC   0  F    TS     5 PTAMS 0x00000000c6b00000 NTAMS 0x00000000c6b00000 space 1024K,   0% used [0x00000000c6b00000, 0x00000000c6c00000)
AC   0  F    TS     5 PTAMS 0x00000000c6c00000 NTAMS 0x00000000c6c00000 space 1024K,   0% used [0x00000000c6c00000, 0x00000000c6d00000)
AC   0  F    TS     5 PTAMS 0x00000000c6d00000 NTAMS 0x00000000c6d00000 space 1024K,   0% used [0x00000000c6d00000, 0x00000000c6e00000)
AC   0  F    TS     5 PTAMS 0x00000000c6e00000 NTAMS 0x00000000c6e00000 space 1024K,   0% used [0x00000000c6e00000, 0x00000000c6f00000)
AC   0  F    TS     5 PTAMS 0x00000000c6f00000 NTAMS 0x00000000c6f00000 space 1024K,   0% used [0x00000000c6f00000, 0x00000000c7000000)
AC   0  F    TS     5 PTAMS 0x00000000c7000000 NTAMS 0x00000000c7000000 space 1024K,   0% used [0x00000000c7000000, 0x00000000c7100000)
AC   0  F    TS     5 PTAMS 0x00000000c7100000 NTAMS 0x00000000c7100000 space 1024K,   0% used [0x00000000c7100000, 0x00000000c7200000)
AC   0  F    TS     5 PTAMS 0x00000000c7200000 NTAMS 0x00000000c7200000 space 1024K,   0% used [0x00000000c7200000, 0x00000000c7300000)
AC   0  F    TS     5 PTAMS 0x00000000c7300000 NTAMS 0x00000000c7300000 space 1024K,   0% used [0x00000000c7300000, 0x00000000c7400000)
AC   0  F    TS     5 PTAMS 0x00000000c7400000 NTAMS 0x00000000c7400000 space 1024K,   0% used [0x00000000c7400000, 0x00000000c7500000)
AC   0  F    TS     5 PTAMS 0x00000000c7500000 NTAMS 0x00000000c7500000 space 1024K,   0% used [0x00000000c7500000, 0x00000000c7600000)
AC   0  F    TS     5 PTAMS 0x00000000c7600000 NTAMS 0x00000000c7600000 space 1024K,   0% used [0x00000000c7600000, 0x00000000c7700000)
AC   0  F    TS     5 PTAMS 0x00000000c7700000 NTAMS 0x00000000c7700000 space 1024K,   0% used [0x00000000c7700000, 0x00000000c7800000)
AC   0  F    TS     5 PTAMS 0x00000000c7800000 NTAMS 0x00000000c7800000 space 1024K,   0% used [0x00000000c7800000, 0x00000000c7900000)
AC   0  F    TS     5 PTAMS 0x00000000c7900000 NTAMS 0x00000000c7900000 space 1024K,   0% used [0x00000000c7900000, 0x00000000c7a00000)
AC   0  F    TS     5 PTAMS 0x00000000c7a00000 NTAMS 0x00000000c7a00000 space 1024K,   0% used [0x00000000c7a00000, 0x00000000c7b00000)
AC   0  F    TS     5 PTAMS 0x00000000c7b00000 NTAMS 0x00000000c7b00000 space 1024K,   0% used [0x00000000c7b00000, 0x00000000c7c00000)
AC   0  F    TS     5 PTAMS 0x00000000c7c00000 NTAMS 0x00000000c7c00000 space 1024K,   0% used [0x00000000c7c00000, 0x00000000c7d00000)
AC   0  F    TS     5 PTAMS 0x00000000c7d00000 NTAMS 0x00000000c7d00000 space 1024K,   0% used [0x00000000c7d00000, 0x00000000c7e00000)
AC   0  F    TS     5 PTAMS 0x00000000c7e00000 NTAMS 0x00000000c7e00000 space 1024K,   0% used [0x00000000c7e00000, 0x00000000c7f00000)
AC   0  F    TS     5 PTAMS 0x00000000c7f00000 NTAMS 0x00000000c7f00000 space 1024K,   0% used [0x00000000c7f00000, 0x00000000c8000000)
AC   0  F    TS     5 PTAMS 0x00000000c8000000 NTAMS 0x00000000c8000000 space 1024K,   0% used [0x00000000c8000000, 0x00000000c8100000)
AC   0  F    TS     5 PTAMS 0x00000000c8100000 NTAMS 0x00000000c8100000 space 1024K,   0% used [0x00000000c8100000, 0x00000000c8200000)
AC   0  F    TS     5 PTAMS 0x00000000c8200000 NTAMS 0x00000000c8200000 space 1024K,   0% used [0x00000000c8200000, 0x00000000c8300000)
AC   0  F    TS     7 PTAMS 0x00000000c8300000 NTAMS 0x00000000c8300000 space 1024K,   0% used [0x00000000c8300000, 0x00000000c8400000)
AC   0  F    TS     5 PTAMS 0x00000000c8400000 NTAMS 0x00000000c8400000 space 1024K,   0% used [0x00000000c8400000, 0x00000000c8500000)
AC   0  F    TS     5 PTAMS 0x00000000c8500000 NTAMS 0x00000000c8500000 space 1024K,   0% used [0x00000000c8500000, 0x00000000c8600000)
AC   0  F    TS     5 PTAMS 0x00000000c8600000 NTAMS 0x00000000c8600000 space 1024K,   0% used [0x00000000c8600000, 0x00000000c8700000)
AC   0  F    TS     5 PTAMS 0x00000000c8700000 NTAMS 0x00000000c8700000 space 1024K,   0% used [0x00000000c8700000, 0x00000000c8800000)
AC   0  F    TS     5 PTAMS 0x00000000c8800000 NTAMS 0x00000000c8800000 space 1024K,   0% used [0x00000000c8800000, 0x00000000c8900000)
AC   0  F    TS     5 PTAMS 0x00000000c8900000 NTAMS 0x00000000c8900000 space 1024K,   0% used [0x00000000c8900000, 0x00000000c8a00000)
AC   0  F    TS     5 PTAMS 0x00000000c8a00000 NTAMS 0x00000000c8a00000 space 1024K,   0% used [0x00000000c8a00000, 0x00000000c8b00000)
AC   0  F    TS     5 PTAMS 0x00000000c8b00000 NTAMS 0x00000000c8b00000 space 1024K,   0% used [0x00000000c8b00000, 0x00000000c8c00000)
AC   0  F    TS     5 PTAMS 0x00000000c8c00000 NTAMS 0x00000000c8c00000 space 1024K,   0% used [0x00000000c8c00000, 0x00000000c8d00000)
AC   0  F    TS     5 PTAMS 0x00000000c8d00000 NTAMS 0x00000000c8d00000 space 1024K,   0% used [0x00000000c8d00000, 0x00000000c8e00000)
AC   0  F    TS     5 PTAMS 0x00000000c8e00000 NTAMS 0x00000000c8e00000 space 1024K,   0% used [0x00000000c8e00000, 0x00000000c8f00000)
AC   0  F    TS     5 PTAMS 0x00000000c8f00000 NTAMS 0x00000000c8f00000 space 1024K,   0% used [0x00000000c8f00000, 0x00000000c9000000)
AC   0  F    TS     7 PTAMS 0x00000000c9000000 NTAMS 0x00000000c9000000 space 1024K,   0% used [0x00000000c9000000, 0x00000000c9100000)
AC   0  F    TS     7 PTAMS 0x00000000c9100000 NTAMS 0x00000000c9100000 space 1024K,   0% used [0x00000000c9100000, 0x00000000c9200000)
AC   0  F    TS     7 PTAMS 0x00000000c9200000 NTAMS 0x00000000c9200000 space 1024K,   0% used [0x00000000c9200000, 0x00000000c9300000)
AC   0  F    TS     7 PTAMS 0x00000000c9300000 NTAMS 0x00000000c9300000 space 1024K,   0% used [0x00000000c9300000, 0x00000000c9400000)
AC   0  F    TS     7 PTAMS 0x00000000c9400000 NTAMS 0x00000000c9400000 space 1024K,   0% used [0x00000000c9400000, 0x00000000c9500000)
AC   0  F    TS     7 PTAMS 0x00000000c9500000 NTAMS 0x00000000c9500000 space 1024K,   0% used [0x00000000c9500000, 0x00000000c9600000)
AC   0  F    TS     7 PTAMS 0x00000000c9600000 NTAMS 0x00000000c9600000 space 1024K,   0% used [0x00000000c9600000, 0x00000000c9700000)
AC   0  F    TS     7 PTAMS 0x00000000c9700000 NTAMS 0x00000000c9700000 space 1024K,   0% used [0x00000000c9700000, 0x00000000c9800000)
AC   0  F    TS     7 PTAMS 0x00000000c9800000 NTAMS 0x00000000c9800000 space 1024K,   0% used [0x00000000c9800000, 0x00000000c9900000)
AC   0  F    TS     7 PTAMS 0x00000000c9900000 NTAMS 0x00000000c9900000 space 1024K,   0% used [0x00000000c9900000, 0x00000000c9a00000)
AC   0  F    TS     7 PTAMS 0x00000000c9a00000 NTAMS 0x00000000c9a00000 space 1024K,   0% used [0x00000000c9a00000, 0x00000000c9b00000)
AC   0  F    TS     7 PTAMS 0x00000000c9b00000 NTAMS 0x00000000c9b00000 space 1024K,   0% used [0x00000000c9b00000, 0x00000000c9c00000)
AC   0  F    TS     7 PTAMS 0x00000000c9c00000 NTAMS 0x00000000c9c00000 space 1024K,   0% used [0x00000000c9c00000, 0x00000000c9d00000)
AC   0  F    TS     7 PTAMS 0x00000000c9d00000 NTAMS 0x00000000c9d00000 space 1024K,   0% used [0x00000000c9d00000, 0x00000000c9e00000)
AC   0  F    TS     7 PTAMS 0x00000000c9e00000 NTAMS 0x00000000c9e00000 space 1024K,   0% used [0x00000000c9e00000, 0x00000000c9f00000)
AC   0  F    TS     7 PTAMS 0x00000000c9f00000 NTAMS 0x00000000c9f00000 space 1024K,   0% used [0x00000000c9f00000, 0x00000000ca000000)
AC   0  F    TS     7 PTAMS 0x00000000ca000000 NTAMS 0x00000000ca000000 space 1024K,   0% used [0x00000000ca000000, 0x00000000ca100000)
AC   0  F    TS     7 PTAMS 0x00000000ca100000 NTAMS 0x00000000ca100000 space 1024K,   0% used [0x00000000ca100000, 0x00000000ca200000)
AC   0  F    TS     7 PTAMS 0x00000000ca200000 NTAMS 0x00000000ca200000 space 1024K,   0% used [0x00000000ca200000, 0x00000000ca300000)
AC   0  F    TS     7 PTAMS 0x00000000ca300000 NTAMS 0x00000000ca300000 space 1024K,   0% used [0x00000000ca300000, 0x00000000ca400000)
AC   0  F    TS     7 PTAMS 0x00000000ca400000 NTAMS 0x00000000ca400000 space 1024K,   0% used [0x00000000ca400000, 0x00000000ca500000)
AC   0  F    TS     7 PTAMS 0x00000000ca500000 NTAMS 0x00000000ca500000 space 1024K,   0% used [0x00000000ca500000, 0x00000000ca600000)
AC   0  F    TS     7 PTAMS 0x00000000ca600000 NTAMS 0x00000000ca600000 space 1024K,   0% used [0x00000000ca600000, 0x00000000ca700000)
AC   0  F    TS     7 PTAMS 0x00000000ca700000 NTAMS 0x00000000ca700000 space 1024K,   0% used [0x00000000ca700000, 0x00000000ca800000)
AC   0  F    TS     7 PTAMS 0x00000000ca800000 NTAMS 0x00000000ca800000 space 1024K,   0% used [0x00000000ca800000, 0x00000000ca900000)
AC   0  F    TS     7 PTAMS 0x00000000ca900000 NTAMS 0x00000000ca900000 space 1024K,   0% used [0x00000000ca900000, 0x00000000caa00000)
AC   0  F    TS     7 PTAMS 0x00000000caa00000 NTAMS 0x00000000caa00000 space 1024K,   0% used [0x00000000caa00000, 0x00000000cab00000)
AC   0  F    TS     7 PTAMS 0x00000000cab00000 NTAMS 0x00000000cab00000 space 1024K,   0% used [0x00000000cab00000, 0x00000000cac00000)
AC   0  F    TS     7 PTAMS 0x00000000cac00000 NTAMS 0x00000000cac00000 space 1024K,   0% used [0x00000000cac00000, 0x00000000cad00000)
AC   0  F    TS     7 PTAMS 0x00000000cad00000 NTAMS 0x00000000cad00000 space 1024K,   0% used [0x00000000cad00000, 0x00000000cae00000)
AC   0  F    TS     7 PTAMS 0x00000000cae00000 NTAMS 0x00000000cae00000 space 1024K,   0% used [0x00000000cae00000, 0x00000000caf00000)
AC   0  F    TS     7 PTAMS 0x00000000caf00000 NTAMS 0x00000000caf00000 space 1024K,   0% used [0x00000000caf00000, 0x00000000cb000000)
AC   0  F    TS     7 PTAMS 0x00000000cb000000 NTAMS 0x00000000cb000000 space 1024K,   0% used [0x00000000cb000000, 0x00000000cb100000)
AC   0  F    TS     7 PTAMS 0x00000000cb100000 NTAMS 0x00000000cb100000 space 1024K,   0% used [0x00000000cb100000, 0x00000000cb200000)
AC   0  F    TS     7 PTAMS 0x00000000cb200000 NTAMS 0x00000000cb200000 space 1024K,   0% used [0x00000000cb200000, 0x00000000cb300000)
AC   0  F    TS     7 PTAMS 0x00000000cb300000 NTAMS 0x00000000cb300000 space 1024K,   0% used [0x00000000cb300000, 0x00000000cb400000)
AC   0  F    TS     7 PTAMS 0x00000000cb400000 NTAMS 0x00000000cb400000 space 1024K,   0% used [0x00000000cb400000, 0x00000000cb500000)
AC   0  F    TS     7 PTAMS 0x00000000cb500000 NTAMS 0x00000000cb500000 space 1024K,   0% used [0x00000000cb500000, 0x00000000cb600000)
AC   0  F    TS     7 PTAMS 0x00000000cb600000 NTAMS 0x00000000cb600000 space 1024K,   0% used [0x00000000cb600000, 0x00000000cb700000)
AC   0  F    TS     7 PTAMS 0x00000000cb700000 NTAMS 0x00000000cb700000 space 1024K,   0% used [0x00000000cb700000, 0x00000000cb800000)
AC   0  F    TS     7 PTAMS 0x00000000cb800000 NTAMS 0x00000000cb800000 space 1024K,   0% used [0x00000000cb800000, 0x00000000cb900000)
AC   0  F    TS     7 PTAMS 0x00000000cb900000 NTAMS 0x00000000cb900000 space 1024K,   0% used [0x00000000cb900000, 0x00000000cba00000)
AC   0  F    TS     7 PTAMS 0x00000000cba00000 NTAMS 0x00000000cba00000 space 1024K,   0% used [0x00000000cba00000, 0x00000000cbb00000)
AC   0  F    TS     7 PTAMS 0x00000000cbb00000 NTAMS 0x00000000cbb00000 space 1024K,   0% used [0x00000000cbb00000, 0x00000000cbc00000)
AC   0  F    TS     7 PTAMS 0x00000000cbc00000 NTAMS 0x00000000cbc00000 space 1024K,   0% used [0x00000000cbc00000, 0x00000000cbd00000)
AC   0  F    TS     7 PTAMS 0x00000000cbd00000 NTAMS 0x00000000cbd00000 space 1024K,   0% used [0x00000000cbd00000, 0x00000000cbe00000)
AC   0  F    TS     7 PTAMS 0x00000000cbe00000 NTAMS 0x00000000cbe00000 space 1024K,   0% used [0x00000000cbe00000, 0x00000000cbf00000)
AC   0  F    TS     7 PTAMS 0x00000000cbf00000 NTAMS 0x00000000cbf00000 space 1024K,   0% used [0x00000000cbf00000, 0x00000000cc000000)
AC   0  F    TS     7 PTAMS 0x00000000cc000000 NTAMS 0x00000000cc000000 space 1024K,   0% used [0x00000000cc000000, 0x00000000cc100000)
AC   0  F    TS     7 PTAMS 0x00000000cc100000 NTAMS 0x00000000cc100000 space 1024K,   0% used [0x00000000cc100000, 0x00000000cc200000)
AC   0  F    TS     7 PTAMS 0x00000000cc200000 NTAMS 0x00000000cc200000 space 1024K,   0% used [0x00000000cc200000, 0x00000000cc300000)
AC   0  F    TS     7 PTAMS 0x00000000cc300000 NTAMS 0x00000000cc300000 space 1024K,   0% used [0x00000000cc300000, 0x00000000cc400000)
AC   0  F    TS     7 PTAMS 0x00000000cc400000 NTAMS 0x00000000cc400000 space 1024K,   0% used [0x00000000cc400000, 0x00000000cc500000)
AC   0  F    TS     7 PTAMS 0x00000000cc500000 NTAMS 0x00000000cc500000 space 1024K,   0% used [0x00000000cc500000, 0x00000000cc600000)
AC   0  F    TS     7 PTAMS 0x00000000cc600000 NTAMS 0x00000000cc600000 space 1024K,   0% used [0x00000000cc600000, 0x00000000cc700000)
AC   0  F    TS     7 PTAMS 0x00000000cc700000 NTAMS 0x00000000cc700000 space 1024K,   0% used [0x00000000cc700000, 0x00000000cc800000)
AC   0  F    TS     7 PTAMS 0x00000000cc800000 NTAMS 0x00000000cc800000 space 1024K,   0% used [0x00000000cc800000, 0x00000000cc900000)
AC   0  F    TS     7 PTAMS 0x00000000cc900000 NTAMS 0x00000000cc900000 space 1024K,   0% used [0x00000000cc900000, 0x00000000cca00000)
AC   0  F    TS     7 PTAMS 0x00000000cca00000 NTAMS 0x00000000cca00000 space 1024K,   0% used [0x00000000cca00000, 0x00000000ccb00000)
AC   0  F    TS     7 PTAMS 0x00000000ccb00000 NTAMS 0x00000000ccb00000 space 1024K,   0% used [0x00000000ccb00000, 0x00000000ccc00000)
AC   0  F    TS     7 PTAMS 0x00000000ccc00000 NTAMS 0x00000000ccc00000 space 1024K,   0% used [0x00000000ccc00000, 0x00000000ccd00000)
AC   0  F    TS     7 PTAMS 0x00000000ccd00000 NTAMS 0x00000000ccd00000 space 1024K,   0% used [0x00000000ccd00000, 0x00000000cce00000)
AC   0  F    TS     7 PTAMS 0x00000000cce00000 NTAMS 0x00000000cce00000 space 1024K,   0% used [0x00000000cce00000, 0x00000000ccf00000)
AC   0  F    TS     7 PTAMS 0x00000000ccf00000 NTAMS 0x00000000ccf00000 space 1024K,   0% used [0x00000000ccf00000, 0x00000000cd000000)
AC   0  F    TS     7 PTAMS 0x00000000cd000000 NTAMS 0x00000000cd000000 space 1024K,   0% used [0x00000000cd000000, 0x00000000cd100000)
AC   0  F    TS     7 PTAMS 0x00000000cd100000 NTAMS 0x00000000cd100000 space 1024K,   0% used [0x00000000cd100000, 0x00000000cd200000)
AC   0  F    TS     7 PTAMS 0x00000000cd200000 NTAMS 0x00000000cd200000 space 1024K,   0% used [0x00000000cd200000, 0x00000000cd300000)
AC   0  F    TS     7 PTAMS 0x00000000cd300000 NTAMS 0x00000000cd300000 space 1024K,   0% used [0x00000000cd300000, 0x00000000cd400000)
AC   0  F    TS     7 PTAMS 0x00000000cd400000 NTAMS 0x00000000cd400000 space 1024K,   0% used [0x00000000cd400000, 0x00000000cd500000)
AC   0  F    TS     7 PTAMS 0x00000000cd500000 NTAMS 0x00000000cd500000 space 1024K,   0% used [0x00000000cd500000, 0x00000000cd600000)
AC   0  F    TS     7 PTAMS 0x00000000cd600000 NTAMS 0x00000000cd600000 space 1024K,   0% used [0x00000000cd600000, 0x00000000cd700000)
AC   0  F    TS     7 PTAMS 0x00000000cd700000 NTAMS 0x00000000cd700000 space 1024K,   0% used [0x00000000cd700000, 0x00000000cd800000)
AC   0  F    TS     7 PTAMS 0x00000000cd800000 NTAMS 0x00000000cd800000 space 1024K,   0% used [0x00000000cd800000, 0x00000000cd900000)
AC   0  F    TS     7 PTAMS 0x00000000cd900000 NTAMS 0x00000000cd900000 space 1024K,   0% used [0x00000000cd900000, 0x00000000cda00000)
AC   0  F    TS     7 PTAMS 0x00000000cda00000 NTAMS 0x00000000cda00000 space 1024K,   0% used [0x00000000cda00000, 0x00000000cdb00000)
AC   0  F    TS     7 PTAMS 0x00000000cdb00000 NTAMS 0x00000000cdb00000 space 1024K,   0% used [0x00000000cdb00000, 0x00000000cdc00000)
AC   0  F    TS     7 PTAMS 0x00000000cdc00000 NTAMS 0x00000000cdc00000 space 1024K,   0% used [0x00000000cdc00000, 0x00000000cdd00000)
AC   0  F    TS     7 PTAMS 0x00000000cdd00000 NTAMS 0x00000000cdd00000 space 1024K,   0% used [0x00000000cdd00000, 0x00000000cde00000)
AC   0  F    TS     7 PTAMS 0x00000000cde00000 NTAMS 0x00000000cde00000 space 1024K,   0% used [0x00000000cde00000, 0x00000000cdf00000)
AC   0  F    TS     7 PTAMS 0x00000000cdf00000 NTAMS 0x00000000cdf00000 space 1024K,   0% used [0x00000000cdf00000, 0x00000000ce000000)
AC   0  F    TS     7 PTAMS 0x00000000ce000000 NTAMS 0x00000000ce000000 space 1024K,   0% used [0x00000000ce000000, 0x00000000ce100000)
AC   0  F    TS     7 PTAMS 0x00000000ce100000 NTAMS 0x00000000ce100000 space 1024K,   0% used [0x00000000ce100000, 0x00000000ce200000)
AC   0  F    TS     7 PTAMS 0x00000000ce200000 NTAMS 0x00000000ce200000 space 1024K,   0% used [0x00000000ce200000, 0x00000000ce300000)
AC   0  F    TS     7 PTAMS 0x00000000ce300000 NTAMS 0x00000000ce300000 space 1024K,   0% used [0x00000000ce300000, 0x00000000ce400000)
AC   0  F    TS     7 PTAMS 0x00000000ce400000 NTAMS 0x00000000ce400000 space 1024K,   0% used [0x00000000ce400000, 0x00000000ce500000)
AC   0  F    TS     7 PTAMS 0x00000000ce500000 NTAMS 0x00000000ce500000 space 1024K,   0% used [0x00000000ce500000, 0x00000000ce600000)
AC   0  F    TS     7 PTAMS 0x00000000ce600000 NTAMS 0x00000000ce600000 space 1024K,   0% used [0x00000000ce600000, 0x00000000ce700000)
AC   0  F    TS     7 PTAMS 0x00000000ce700000 NTAMS 0x00000000ce700000 space 1024K,   0% used [0x00000000ce700000, 0x00000000ce800000)
AC   0  F    TS     7 PTAMS 0x00000000ce800000 NTAMS 0x00000000ce800000 space 1024K,   0% used [0x00000000ce800000, 0x00000000ce900000)
AC   0  F    TS     7 PTAMS 0x00000000ce900000 NTAMS 0x00000000ce900000 space 1024K,   0% used [0x00000000ce900000, 0x00000000cea00000)
AC   0  F    TS     7 PTAMS 0x00000000cea00000 NTAMS 0x00000000cea00000 space 1024K,   0% used [0x00000000cea00000, 0x00000000ceb00000)
AC   0  F    TS     7 PTAMS 0x00000000ceb00000 NTAMS 0x00000000ceb00000 space 1024K,   0% used [0x00000000ceb00000, 0x00000000cec00000)
AC   0  F    TS     7 PTAMS 0x00000000cec00000 NTAMS 0x00000000cec00000 space 1024K,   0% used [0x00000000cec00000, 0x00000000ced00000)
AC   0  F    TS     7 PTAMS 0x00000000ced00000 NTAMS 0x00000000ced00000 space 1024K,   0% used [0x00000000ced00000, 0x00000000cee00000)
AC   0  F    TS     7 PTAMS 0x00000000cee00000 NTAMS 0x00000000cee00000 space 1024K,   0% used [0x00000000cee00000, 0x00000000cef00000)
AC   0  F    TS     7 PTAMS 0x00000000cef00000 NTAMS 0x00000000cef00000 space 1024K,   0% used [0x00000000cef00000, 0x00000000cf000000)
AC   0  F    TS     7 PTAMS 0x00000000cf000000 NTAMS 0x00000000cf000000 space 1024K,   0% used [0x00000000cf000000, 0x00000000cf100000)
AC   0  F    TS     7 PTAMS 0x00000000cf100000 NTAMS 0x00000000cf100000 space 1024K,   0% used [0x00000000cf100000, 0x00000000cf200000)
AC   0  F    TS     7 PTAMS 0x00000000cf200000 NTAMS 0x00000000cf200000 space 1024K,   0% used [0x00000000cf200000, 0x00000000cf300000)
AC   0  F    TS     7 PTAMS 0x00000000cf300000 NTAMS 0x00000000cf300000 space 1024K,   0% used [0x00000000cf300000, 0x00000000cf400000)
AC   0  F    TS     7 PTAMS 0x00000000cf400000 NTAMS 0x00000000cf400000 space 1024K,   0% used [0x00000000cf400000, 0x00000000cf500000)
AC   0  F    TS     7 PTAMS 0x00000000cf500000 NTAMS 0x00000000cf500000 space 1024K,   0% used [0x00000000cf500000, 0x00000000cf600000)
AC   0  F    TS     7 PTAMS 0x00000000cf600000 NTAMS 0x00000000cf600000 space 1024K,   0% used [0x00000000cf600000, 0x00000000cf700000)
AC   0  F    TS     7 PTAMS 0x00000000cf700000 NTAMS 0x00000000cf700000 space 1024K,   0% used [0x00000000cf700000, 0x00000000cf800000)
AC   0  F    TS     7 PTAMS 0x00000000cf800000 NTAMS 0x00000000cf800000 space 1024K,   0% used [0x00000000cf800000, 0x00000000cf900000)
AC   0  F    TS     7 PTAMS 0x00000000cf900000 NTAMS 0x00000000cf900000 space 1024K,   0% used [0x00000000cf900000, 0x00000000cfa00000)
AC   0  F    TS     7 PTAMS 0x00000000cfa00000 NTAMS 0x00000000cfa00000 space 1024K,   0% used [0x00000000cfa00000, 0x00000000cfb00000)
AC   0  F    TS     7 PTAMS 0x00000000cfb00000 NTAMS 0x00000000cfb00000 space 1024K,   0% used [0x00000000cfb00000, 0x00000000cfc00000)
AC   0  F    TS     7 PTAMS 0x00000000cfc00000 NTAMS 0x00000000cfc00000 space 1024K,   0% used [0x00000000cfc00000, 0x00000000cfd00000)
AC   0  F    TS     7 PTAMS 0x00000000cfd00000 NTAMS 0x00000000cfd00000 space 1024K,   0% used [0x00000000cfd00000, 0x00000000cfe00000)
AC   0  F    TS     7 PTAMS 0x00000000cfe00000 NTAMS 0x00000000cfe00000 space 1024K,   0% used [0x00000000cfe00000, 0x00000000cff00000)
AC   0  F    TS     7 PTAMS 0x00000000cff00000 NTAMS 0x00000000cff00000 space 1024K,   0% used [0x00000000cff00000, 0x00000000d0000000)
AC   0  F    TS     7 PTAMS 0x00000000d0000000 NTAMS 0x00000000d0000000 space 1024K,   0% used [0x00000000d0000000, 0x00000000d0100000)
AC   0  F    TS     7 PTAMS 0x00000000d0100000 NTAMS 0x00000000d0100000 space 1024K,   0% used [0x00000000d0100000, 0x00000000d0200000)
AC   0  F    TS     7 PTAMS 0x00000000d0200000 NTAMS 0x00000000d0200000 space 1024K,   0% used [0x00000000d0200000, 0x00000000d0300000)
AC   0  F    TS     7 PTAMS 0x00000000d0300000 NTAMS 0x00000000d0300000 space 1024K,   0% used [0x00000000d0300000, 0x00000000d0400000)
AC   0  F    TS     7 PTAMS 0x00000000d0400000 NTAMS 0x00000000d0400000 space 1024K,   0% used [0x00000000d0400000, 0x00000000d0500000)
AC   0  F    TS     7 PTAMS 0x00000000d0500000 NTAMS 0x00000000d0500000 space 1024K,   0% used [0x00000000d0500000, 0x00000000d0600000)
AC   0  F    TS     7 PTAMS 0x00000000d0600000 NTAMS 0x00000000d0600000 space 1024K,   0% used [0x00000000d0600000, 0x00000000d0700000)
AC   0  F    TS     7 PTAMS 0x00000000d0700000 NTAMS 0x00000000d0700000 space 1024K,   0% used [0x00000000d0700000, 0x00000000d0800000)
AC   0  F    TS     7 PTAMS 0x00000000d0800000 NTAMS 0x00000000d0800000 space 1024K,   0% used [0x00000000d0800000, 0x00000000d0900000)
AC   0  F    TS     7 PTAMS 0x00000000d0900000 NTAMS 0x00000000d0900000 space 1024K,   0% used [0x00000000d0900000, 0x00000000d0a00000)
AC   0  F    TS     9 PTAMS 0x00000000d0a00000 NTAMS 0x00000000d0a00000 space 1024K,   0% used [0x00000000d0a00000, 0x00000000d0b00000)
AC   0  F    TS     9 PTAMS 0x00000000d0b00000 NTAMS 0x00000000d0b00000 space 1024K,   0% used [0x00000000d0b00000, 0x00000000d0c00000)
AC   0  F    TS     9 PTAMS 0x00000000d0c00000 NTAMS 0x00000000d0c00000 space 1024K,   0% used [0x00000000d0c00000, 0x00000000d0d00000)
AC   0  F    TS     7 PTAMS 0x00000000d0d00000 NTAMS 0x00000000d0d00000 space 1024K,   0% used [0x00000000d0d00000, 0x00000000d0e00000)
AC   0  F    TS     7 PTAMS 0x00000000d0e00000 NTAMS 0x00000000d0e00000 space 1024K,   0% used [0x00000000d0e00000, 0x00000000d0f00000)
AC   0  F    TS     7 PTAMS 0x00000000d0f00000 NTAMS 0x00000000d0f00000 space 1024K,   0% used [0x00000000d0f00000, 0x00000000d1000000)
AC   0  F    TS     7 PTAMS 0x00000000d1000000 NTAMS 0x00000000d1000000 space 1024K,   0% used [0x00000000d1000000, 0x00000000d1100000)
AC   0  F    TS     7 PTAMS 0x00000000d1100000 NTAMS 0x00000000d1100000 space 1024K,   0% used [0x00000000d1100000, 0x00000000d1200000)
AC   0  F    TS     7 PTAMS 0x00000000d1200000 NTAMS 0x00000000d1200000 space 1024K,   0% used [0x00000000d1200000, 0x00000000d1300000)
AC   0  F    TS     7 PTAMS 0x00000000d1300000 NTAMS 0x00000000d1300000 space 1024K,   0% used [0x00000000d1300000, 0x00000000d1400000)
AC   0  F    TS     7 PTAMS 0x00000000d1400000 NTAMS 0x00000000d1400000 space 1024K,   0% used [0x00000000d1400000, 0x00000000d1500000)
AC   0  F    TS     7 PTAMS 0x00000000d1500000 NTAMS 0x00000000d1500000 space 1024K,   0% used [0x00000000d1500000, 0x00000000d1600000)
AC   0  F    TS     7 PTAMS 0x00000000d1600000 NTAMS 0x00000000d1600000 space 1024K,   0% used [0x00000000d1600000, 0x00000000d1700000)
AC   0  F    TS     7 PTAMS 0x00000000d1700000 NTAMS 0x00000000d1700000 space 1024K,   0% used [0x00000000d1700000, 0x00000000d1800000)
AC   0  F    TS     7 PTAMS 0x00000000d1800000 NTAMS 0x00000000d1800000 space 1024K,   0% used [0x00000000d1800000, 0x00000000d1900000)
AC   0  F    TS     7 PTAMS 0x00000000d1900000 NTAMS 0x00000000d1900000 space 1024K,   0% used [0x00000000d1900000, 0x00000000d1a00000)
AC   0  F    TS     7 PTAMS 0x00000000d1a00000 NTAMS 0x00000000d1a00000 space 1024K,   0% used [0x00000000d1a00000, 0x00000000d1b00000)
AC   0  F    TS     7 PTAMS 0x00000000d1b00000 NTAMS 0x00000000d1b00000 space 1024K,   0% used [0x00000000d1b00000, 0x00000000d1c00000)
AC   0  F    TS     7 PTAMS 0x00000000d1c00000 NTAMS 0x00000000d1c00000 space 1024K,   0% used [0x00000000d1c00000, 0x00000000d1d00000)
AC   0  F    TS     7 PTAMS 0x00000000d1d00000 NTAMS 0x00000000d1d00000 space 1024K,   0% used [0x00000000d1d00000, 0x00000000d1e00000)
AC   0  F    TS     7 PTAMS 0x00000000d1e00000 NTAMS 0x00000000d1e00000 space 1024K,   0% used [0x00000000d1e00000, 0x00000000d1f00000)
AC   0  F    TS     7 PTAMS 0x00000000d1f00000 NTAMS 0x00000000d1f00000 space 1024K,   0% used [0x00000000d1f00000, 0x00000000d2000000)
AC   0  F    TS     9 PTAMS 0x00000000d2000000 NTAMS 0x00000000d2000000 space 1024K,   0% used [0x00000000d2000000, 0x00000000d2100000)
AC   0  F    TS     9 PTAMS 0x00000000d2100000 NTAMS 0x00000000d2100000 space 1024K,   0% used [0x00000000d2100000, 0x00000000d2200000)
AC   0  F    TS     9 PTAMS 0x00000000d2200000 NTAMS 0x00000000d2200000 space 1024K,   0% used [0x00000000d2200000, 0x00000000d2300000)
AC   0  F    TS     9 PTAMS 0x00000000d2300000 NTAMS 0x00000000d2300000 space 1024K,   0% used [0x00000000d2300000, 0x00000000d2400000)
AC   0  F    TS     9 PTAMS 0x00000000d2400000 NTAMS 0x00000000d2400000 space 1024K,   0% used [0x00000000d2400000, 0x00000000d2500000)
AC   0  F    TS     9 PTAMS 0x00000000d2500000 NTAMS 0x00000000d2500000 space 1024K,   0% used [0x00000000d2500000, 0x00000000d2600000)
AC   0  F    TS     9 PTAMS 0x00000000d2600000 NTAMS 0x00000000d2600000 space 1024K,   0% used [0x00000000d2600000, 0x00000000d2700000)
AC   0  F    TS     9 PTAMS 0x00000000d2700000 NTAMS 0x00000000d2700000 space 1024K,   0% used [0x00000000d2700000, 0x00000000d2800000)
AC   0  F    TS     9 PTAMS 0x00000000d2800000 NTAMS 0x00000000d2800000 space 1024K,   0% used [0x00000000d2800000, 0x00000000d2900000)
AC   0  F    TS     9 PTAMS 0x00000000d2900000 NTAMS 0x00000000d2900000 space 1024K,   0% used [0x00000000d2900000, 0x00000000d2a00000)
AC   0  F    TS     9 PTAMS 0x00000000d2a00000 NTAMS 0x00000000d2a00000 space 1024K,   0% used [0x00000000d2a00000, 0x00000000d2b00000)
AC   0  F    TS     9 PTAMS 0x00000000d2b00000 NTAMS 0x00000000d2b00000 space 1024K,   0% used [0x00000000d2b00000, 0x00000000d2c00000)
AC   0  F    TS     9 PTAMS 0x00000000d2c00000 NTAMS 0x00000000d2c00000 space 1024K,   0% used [0x00000000d2c00000, 0x00000000d2d00000)
AC   0  F    TS     9 PTAMS 0x00000000d2d00000 NTAMS 0x00000000d2d00000 space 1024K,   0% used [0x00000000d2d00000, 0x00000000d2e00000)
AC   0  F    TS     9 PTAMS 0x00000000d2e00000 NTAMS 0x00000000d2e00000 space 1024K,   0% used [0x00000000d2e00000, 0x00000000d2f00000)
AC   0  F    TS     9 PTAMS 0x00000000d2f00000 NTAMS 0x00000000d2f00000 space 1024K,   0% used [0x00000000d2f00000, 0x00000000d3000000)
AC   0  F    TS     9 PTAMS 0x00000000d3000000 NTAMS 0x00000000d3000000 space 1024K,   0% used [0x00000000d3000000, 0x00000000d3100000)
AC   0  F    TS     9 PTAMS 0x00000000d3100000 NTAMS 0x00000000d3100000 space 1024K,   0% used [0x00000000d3100000, 0x00000000d3200000)
AC   0  F    TS     9 PTAMS 0x00000000d3200000 NTAMS 0x00000000d3200000 space 1024K,   0% used [0x00000000d3200000, 0x00000000d3300000)
AC   0  F    TS     9 PTAMS 0x00000000d3300000 NTAMS 0x00000000d3300000 space 1024K,   0% used [0x00000000d3300000, 0x00000000d3400000)
AC   0  F    TS     9 PTAMS 0x00000000d3400000 NTAMS 0x00000000d3400000 space 1024K,   0% used [0x00000000d3400000, 0x00000000d3500000)
AC   0  F    TS     9 PTAMS 0x00000000d3500000 NTAMS 0x00000000d3500000 space 1024K,   0% used [0x00000000d3500000, 0x00000000d3600000)
AC   0  F    TS     9 PTAMS 0x00000000d3600000 NTAMS 0x00000000d3600000 space 1024K,   0% used [0x00000000d3600000, 0x00000000d3700000)
AC   0  F    TS     9 PTAMS 0x00000000d3700000 NTAMS 0x00000000d3700000 space 1024K,   0% used [0x00000000d3700000, 0x00000000d3800000)
AC   0  F    TS     9 PTAMS 0x00000000d3800000 NTAMS 0x00000000d3800000 space 1024K,   0% used [0x00000000d3800000, 0x00000000d3900000)
AC   0  F    TS     9 PTAMS 0x00000000d3900000 NTAMS 0x00000000d3900000 space 1024K,   0% used [0x00000000d3900000, 0x00000000d3a00000)
AC   0  F    TS     9 PTAMS 0x00000000d3a00000 NTAMS 0x00000000d3a00000 space 1024K,   0% used [0x00000000d3a00000, 0x00000000d3b00000)
AC   0  F    TS     9 PTAMS 0x00000000d3b00000 NTAMS 0x00000000d3b00000 space 1024K,   0% used [0x00000000d3b00000, 0x00000000d3c00000)
AC   0  F    TS     9 PTAMS 0x00000000d3c00000 NTAMS 0x00000000d3c00000 space 1024K,   0% used [0x00000000d3c00000, 0x00000000d3d00000)
AC   0  F    TS     9 PTAMS 0x00000000d3d00000 NTAMS 0x00000000d3d00000 space 1024K,   0% used [0x00000000d3d00000, 0x00000000d3e00000)
AC   0  F    TS     9 PTAMS 0x00000000d3e00000 NTAMS 0x00000000d3e00000 space 1024K,   0% used [0x00000000d3e00000, 0x00000000d3f00000)
AC   0  F    TS     9 PTAMS 0x00000000d3f00000 NTAMS 0x00000000d3f00000 space 1024K,   0% used [0x00000000d3f00000, 0x00000000d4000000)
AC   0  F    TS     9 PTAMS 0x00000000d4000000 NTAMS 0x00000000d4000000 space 1024K,   0% used [0x00000000d4000000, 0x00000000d4100000)
AC   0  F    TS     9 PTAMS 0x00000000d4100000 NTAMS 0x00000000d4100000 space 1024K,   0% used [0x00000000d4100000, 0x00000000d4200000)
AC   0  F    TS     9 PTAMS 0x00000000d4200000 NTAMS 0x00000000d4200000 space 1024K,   0% used [0x00000000d4200000, 0x00000000d4300000)
AC   0  F    TS     9 PTAMS 0x00000000d4300000 NTAMS 0x00000000d4300000 space 1024K,   0% used [0x00000000d4300000, 0x00000000d4400000)
AC   0  F    TS     9 PTAMS 0x00000000d4400000 NTAMS 0x00000000d4400000 space 1024K,   0% used [0x00000000d4400000, 0x00000000d4500000)
AC   0  F    TS     9 PTAMS 0x00000000d4500000 NTAMS 0x00000000d4500000 space 1024K,   0% used [0x00000000d4500000, 0x00000000d4600000)
AC   0  F    TS     9 PTAMS 0x00000000d4600000 NTAMS 0x00000000d4600000 space 1024K,   0% used [0x00000000d4600000, 0x00000000d4700000)
AC   0  F    TS     9 PTAMS 0x00000000d4700000 NTAMS 0x00000000d4700000 space 1024K,   0% used [0x00000000d4700000, 0x00000000d4800000)
AC   0  F    TS     9 PTAMS 0x00000000d4800000 NTAMS 0x00000000d4800000 space 1024K,   0% used [0x00000000d4800000, 0x00000000d4900000)
AC   0  F    TS     9 PTAMS 0x00000000d4900000 NTAMS 0x00000000d4900000 space 1024K,   0% used [0x00000000d4900000, 0x00000000d4a00000)
AC   0  F    TS     9 PTAMS 0x00000000d4a00000 NTAMS 0x00000000d4a00000 space 1024K,   0% used [0x00000000d4a00000, 0x00000000d4b00000)
AC   0  F    TS     9 PTAMS 0x00000000d4b00000 NTAMS 0x00000000d4b00000 space 1024K,   0% used [0x00000000d4b00000, 0x00000000d4c00000)
AC   0  F    TS     9 PTAMS 0x00000000d4c00000 NTAMS 0x00000000d4c00000 space 1024K,   0% used [0x00000000d4c00000, 0x00000000d4d00000)
AC   0  F    TS     9 PTAMS 0x00000000d4d00000 NTAMS 0x00000000d4d00000 space 1024K,   0% used [0x00000000d4d00000, 0x00000000d4e00000)
AC   0  F    TS     9 PTAMS 0x00000000d4e00000 NTAMS 0x00000000d4e00000 space 1024K,   0% used [0x00000000d4e00000, 0x00000000d4f00000)
AC   0  F    TS     9 PTAMS 0x00000000d4f00000 NTAMS 0x00000000d4f00000 space 1024K,   0% used [0x00000000d4f00000, 0x00000000d5000000)
AC   0  F    TS     9 PTAMS 0x00000000d5000000 NTAMS 0x00000000d5000000 space 1024K,   0% used [0x00000000d5000000, 0x00000000d5100000)
AC   0  F    TS     9 PTAMS 0x00000000d5100000 NTAMS 0x00000000d5100000 space 1024K,   0% used [0x00000000d5100000, 0x00000000d5200000)
AC   0  F    TS     9 PTAMS 0x00000000d5200000 NTAMS 0x00000000d5200000 space 1024K,   0% used [0x00000000d5200000, 0x00000000d5300000)
AC   0  F    TS     9 PTAMS 0x00000000d5300000 NTAMS 0x00000000d5300000 space 1024K,   0% used [0x00000000d5300000, 0x00000000d5400000)
AC   0  F    TS     9 PTAMS 0x00000000d5400000 NTAMS 0x00000000d5400000 space 1024K,   0% used [0x00000000d5400000, 0x00000000d5500000)
AC   0  F    TS     9 PTAMS 0x00000000d5500000 NTAMS 0x00000000d5500000 space 1024K,   0% used [0x00000000d5500000, 0x00000000d5600000)
AC   0  F    TS     9 PTAMS 0x00000000d5600000 NTAMS 0x00000000d5600000 space 1024K,   0% used [0x00000000d5600000, 0x00000000d5700000)
AC   0  F    TS     9 PTAMS 0x00000000d5700000 NTAMS 0x00000000d5700000 space 1024K,   0% used [0x00000000d5700000, 0x00000000d5800000)
AC   0  F    TS     9 PTAMS 0x00000000d5800000 NTAMS 0x00000000d5800000 space 1024K,   0% used [0x00000000d5800000, 0x00000000d5900000)
AC   0  F    TS     9 PTAMS 0x00000000d5900000 NTAMS 0x00000000d5900000 space 1024K,   0% used [0x00000000d5900000, 0x00000000d5a00000)
AC   0  F    TS     9 PTAMS 0x00000000d5a00000 NTAMS 0x00000000d5a00000 space 1024K,   0% used [0x00000000d5a00000, 0x00000000d5b00000)
AC   0  F    TS     9 PTAMS 0x00000000d5b00000 NTAMS 0x00000000d5b00000 space 1024K,   0% used [0x00000000d5b00000, 0x00000000d5c00000)
AC   0  F    TS     9 PTAMS 0x00000000d5c00000 NTAMS 0x00000000d5c00000 space 1024K,   0% used [0x00000000d5c00000, 0x00000000d5d00000)
AC   0  F    TS     9 PTAMS 0x00000000d5d00000 NTAMS 0x00000000d5d00000 space 1024K,   0% used [0x00000000d5d00000, 0x00000000d5e00000)
AC   0  F    TS     9 PTAMS 0x00000000d5e00000 NTAMS 0x00000000d5e00000 space 1024K,   0% used [0x00000000d5e00000, 0x00000000d5f00000)
AC   0  F    TS     9 PTAMS 0x00000000d5f00000 NTAMS 0x00000000d5f00000 space 1024K,   0% used [0x00000000d5f00000, 0x00000000d6000000)
AC   0  F    TS     9 PTAMS 0x00000000d6000000 NTAMS 0x00000000d6000000 space 1024K,   0% used [0x00000000d6000000, 0x00000000d6100000)
AC   0  F    TS     9 PTAMS 0x00000000d6100000 NTAMS 0x00000000d6100000 space 1024K,   0% used [0x00000000d6100000, 0x00000000d6200000)
AC   0  F    TS     9 PTAMS 0x00000000d6200000 NTAMS 0x00000000d6200000 space 1024K,   0% used [0x00000000d6200000, 0x00000000d6300000)
AC   0  F    TS     9 PTAMS 0x00000000d6300000 NTAMS 0x00000000d6300000 space 1024K,   0% used [0x00000000d6300000, 0x00000000d6400000)
AC   0  F    TS     9 PTAMS 0x00000000d6400000 NTAMS 0x00000000d6400000 space 1024K,   0% used [0x00000000d6400000, 0x00000000d6500000)
AC   0  F    TS     9 PTAMS 0x00000000d6500000 NTAMS 0x00000000d6500000 space 1024K,   0% used [0x00000000d6500000, 0x00000000d6600000)
AC   0  F    TS     9 PTAMS 0x00000000d6600000 NTAMS 0x00000000d6600000 space 1024K,   0% used [0x00000000d6600000, 0x00000000d6700000)
AC   0  F    TS     9 PTAMS 0x00000000d6700000 NTAMS 0x00000000d6700000 space 1024K,   0% used [0x00000000d6700000, 0x00000000d6800000)
AC   0  F    TS     9 PTAMS 0x00000000d6800000 NTAMS 0x00000000d6800000 space 1024K,   0% used [0x00000000d6800000, 0x00000000d6900000)
AC   0  F    TS     9 PTAMS 0x00000000d6900000 NTAMS 0x00000000d6900000 space 1024K,   0% used [0x00000000d6900000, 0x00000000d6a00000)
AC   0  F    TS     9 PTAMS 0x00000000d6a00000 NTAMS 0x00000000d6a00000 space 1024K,   0% used [0x00000000d6a00000, 0x00000000d6b00000)
AC   0  F    TS     9 PTAMS 0x00000000d6b00000 NTAMS 0x00000000d6b00000 space 1024K,   0% used [0x00000000d6b00000, 0x00000000d6c00000)
AC   0  F    TS     9 PTAMS 0x00000000d6c00000 NTAMS 0x00000000d6c00000 space 1024K,   0% used [0x00000000d6c00000, 0x00000000d6d00000)
AC   0  F    TS     9 PTAMS 0x00000000d6d00000 NTAMS 0x00000000d6d00000 space 1024K,   0% used [0x00000000d6d00000, 0x00000000d6e00000)
AC   0  F    TS     9 PTAMS 0x00000000d6e00000 NTAMS 0x00000000d6e00000 space 1024K,   0% used [0x00000000d6e00000, 0x00000000d6f00000)
AC   0  F    TS     9 PTAMS 0x00000000d6f00000 NTAMS 0x00000000d6f00000 space 1024K,   0% used [0x00000000d6f00000, 0x00000000d7000000)
AC   0  F    TS     9 PTAMS 0x00000000d7000000 NTAMS 0x00000000d7000000 space 1024K,   0% used [0x00000000d7000000, 0x00000000d7100000)
AC   0  F    TS     9 PTAMS 0x00000000d7100000 NTAMS 0x00000000d7100000 space 1024K,   0% used [0x00000000d7100000, 0x00000000d7200000)
AC   0  F    TS     9 PTAMS 0x00000000d7200000 NTAMS 0x00000000d7200000 space 1024K,   0% used [0x00000000d7200000, 0x00000000d7300000)
AC   0  F    TS     9 PTAMS 0x00000000d7300000 NTAMS 0x00000000d7300000 space 1024K,   0% used [0x00000000d7300000, 0x00000000d7400000)
AC   0  F    TS     9 PTAMS 0x00000000d7400000 NTAMS 0x00000000d7400000 space 1024K,   0% used [0x00000000d7400000, 0x00000000d7500000)
AC   0  F    TS     9 PTAMS 0x00000000d7500000 NTAMS 0x00000000d7500000 space 1024K,   0% used [0x00000000d7500000, 0x00000000d7600000)
AC   0  F    TS     9 PTAMS 0x00000000d7600000 NTAMS 0x00000000d7600000 space 1024K,   0% used [0x00000000d7600000, 0x00000000d7700000)
AC   0  F    TS     9 PTAMS 0x00000000d7700000 NTAMS 0x00000000d7700000 space 1024K,   0% used [0x00000000d7700000, 0x00000000d7800000)
AC   0  F    TS     9 PTAMS 0x00000000d7800000 NTAMS 0x00000000d7800000 space 1024K,   0% used [0x00000000d7800000, 0x00000000d7900000)
AC   0  F    TS     9 PTAMS 0x00000000d7900000 NTAMS 0x00000000d7900000 space 1024K,   0% used [0x00000000d7900000, 0x00000000d7a00000)
AC   0  F    TS     9 PTAMS 0x00000000d7a00000 NTAMS 0x00000000d7a00000 space 1024K,   0% used [0x00000000d7a00000, 0x00000000d7b00000)
AC   0  F    TS     9 PTAMS 0x00000000d7b00000 NTAMS 0x00000000d7b00000 space 1024K,   0% used [0x00000000d7b00000, 0x00000000d7c00000)
AC   0  F    TS     9 PTAMS 0x00000000d7c00000 NTAMS 0x00000000d7c00000 space 1024K,   0% used [0x00000000d7c00000, 0x00000000d7d00000)
AC   0  F    TS     9 PTAMS 0x00000000d7d00000 NTAMS 0x00000000d7d00000 space 1024K,   0% used [0x00000000d7d00000, 0x00000000d7e00000)
AC   0  F    TS     9 PTAMS 0x00000000d7e00000 NTAMS 0x00000000d7e00000 space 1024K,   0% used [0x00000000d7e00000, 0x00000000d7f00000)
AC   0  F    TS     9 PTAMS 0x00000000d7f00000 NTAMS 0x00000000d7f00000 space 1024K,   0% used [0x00000000d7f00000, 0x00000000d8000000)
AC   0  F    TS     9 PTAMS 0x00000000d8000000 NTAMS 0x00000000d8000000 space 1024K,   0% used [0x00000000d8000000, 0x00000000d8100000)
AC   0  F    TS     9 PTAMS 0x00000000d8100000 NTAMS 0x00000000d8100000 space 1024K,   0% used [0x00000000d8100000, 0x00000000d8200000)
AC   0  F    TS     9 PTAMS 0x00000000d8200000 NTAMS 0x00000000d8200000 space 1024K,   0% used [0x00000000d8200000, 0x00000000d8300000)
AC   0  F    TS     9 PTAMS 0x00000000d8300000 NTAMS 0x00000000d8300000 space 1024K,   0% used [0x00000000d8300000, 0x00000000d8400000)
AC   0  F    TS     9 PTAMS 0x00000000d8400000 NTAMS 0x00000000d8400000 space 1024K,   0% used [0x00000000d8400000, 0x00000000d8500000)
AC   0  F    TS     9 PTAMS 0x00000000d8500000 NTAMS 0x00000000d8500000 space 1024K,   0% used [0x00000000d8500000, 0x00000000d8600000)
AC   0  F    TS     9 PTAMS 0x00000000d8600000 NTAMS 0x00000000d8600000 space 1024K,   0% used [0x00000000d8600000, 0x00000000d8700000)
AC   0  F    TS     9 PTAMS 0x00000000d8700000 NTAMS 0x00000000d8700000 space 1024K,   0% used [0x00000000d8700000, 0x00000000d8800000)
AC   0  F    TS     9 PTAMS 0x00000000d8800000 NTAMS 0x00000000d8800000 space 1024K,   0% used [0x00000000d8800000, 0x00000000d8900000)
AC   0  F    TS     9 PTAMS 0x00000000d8900000 NTAMS 0x00000000d8900000 space 1024K,   0% used [0x00000000d8900000, 0x00000000d8a00000)
AC   0  F    TS     9 PTAMS 0x00000000d8a00000 NTAMS 0x00000000d8a00000 space 1024K,   0% used [0x00000000d8a00000, 0x00000000d8b00000)
AC   0  F    TS     9 PTAMS 0x00000000d8b00000 NTAMS 0x00000000d8b00000 space 1024K,   0% used [0x00000000d8b00000, 0x00000000d8c00000)
AC   0  F    TS     9 PTAMS 0x00000000d8c00000 NTAMS 0x00000000d8c00000 space 1024K,   0% used [0x00000000d8c00000, 0x00000000d8d00000)
AC   0  F    TS     9 PTAMS 0x00000000d8d00000 NTAMS 0x00000000d8d00000 space 1024K,   0% used [0x00000000d8d00000, 0x00000000d8e00000)
AC   0  F    TS     9 PTAMS 0x00000000d8e00000 NTAMS 0x00000000d8e00000 space 1024K,   0% used [0x00000000d8e00000, 0x00000000d8f00000)
AC   0  F    TS     9 PTAMS 0x00000000d8f00000 NTAMS 0x00000000d8f00000 space 1024K,   0% used [0x00000000d8f00000, 0x00000000d9000000)
AC   0  F    TS     9 PTAMS 0x00000000d9000000 NTAMS 0x00000000d9000000 space 1024K,   0% used [0x00000000d9000000, 0x00000000d9100000)
AC   0  F    TS     9 PTAMS 0x00000000d9100000 NTAMS 0x00000000d9100000 space 1024K,   0% used [0x00000000d9100000, 0x00000000d9200000)
AC   0  F    TS     9 PTAMS 0x00000000d9200000 NTAMS 0x00000000d9200000 space 1024K,   0% used [0x00000000d9200000, 0x00000000d9300000)
AC   0  F    TS     9 PTAMS 0x00000000d9300000 NTAMS 0x00000000d9300000 space 1024K,   0% used [0x00000000d9300000, 0x00000000d9400000)
AC   0  F    TS     9 PTAMS 0x00000000d9400000 NTAMS 0x00000000d9400000 space 1024K,   0% used [0x00000000d9400000, 0x00000000d9500000)
AC   0  F    TS     9 PTAMS 0x00000000d9500000 NTAMS 0x00000000d9500000 space 1024K,   0% used [0x00000000d9500000, 0x00000000d9600000)
AC   0  F    TS    11 PTAMS 0x00000000d9600000 NTAMS 0x00000000d9600000 space 1024K,   0% used [0x00000000d9600000, 0x00000000d9700000)
AC   0  F    TS    11 PTAMS 0x00000000d9700000 NTAMS 0x00000000d9700000 space 1024K,   0% used [0x00000000d9700000, 0x00000000d9800000)
AC   0  F    TS    11 PTAMS 0x00000000d9800000 NTAMS 0x00000000d9800000 space 1024K,   0% used [0x00000000d9800000, 0x00000000d9900000)
AC   0  F    TS    11 PTAMS 0x00000000d9900000 NTAMS 0x00000000d9900000 space 1024K,   0% used [0x00000000d9900000, 0x00000000d9a00000)
AC   0  F    TS     9 PTAMS 0x00000000d9a00000 NTAMS 0x00000000d9a00000 space 1024K,   0% used [0x00000000d9a00000, 0x00000000d9b00000)
AC   0  F    TS     9 PTAMS 0x00000000d9b00000 NTAMS 0x00000000d9b00000 space 1024K,   0% used [0x00000000d9b00000, 0x00000000d9c00000)
AC   0  F    TS     9 PTAMS 0x00000000d9c00000 NTAMS 0x00000000d9c00000 space 1024K,   0% used [0x00000000d9c00000, 0x00000000d9d00000)
AC   0  F    TS     9 PTAMS 0x00000000d9d00000 NTAMS 0x00000000d9d00000 space 1024K,   0% used [0x00000000d9d00000, 0x00000000d9e00000)
AC   0  F    TS     9 PTAMS 0x00000000d9e00000 NTAMS 0x00000000d9e00000 space 1024K,   0% used [0x00000000d9e00000, 0x00000000d9f00000)
AC   0  F    TS     9 PTAMS 0x00000000d9f00000 NTAMS 0x00000000d9f00000 space 1024K,   0% used [0x00000000d9f00000, 0x00000000da000000)
AC   0  F    TS     9 PTAMS 0x00000000da000000 NTAMS 0x00000000da000000 space 1024K,   0% used [0x00000000da000000, 0x00000000da100000)
AC   0  F    TS     9 PTAMS 0x00000000da100000 NTAMS 0x00000000da100000 space 1024K,   0% used [0x00000000da100000, 0x00000000da200000)
AC   0  F    TS     9 PTAMS 0x00000000da200000 NTAMS 0x00000000da200000 space 1024K,   0% used [0x00000000da200000, 0x00000000da300000)
AC   0  F    TS     9 PTAMS 0x00000000da300000 NTAMS 0x00000000da300000 space 1024K,   0% used [0x00000000da300000, 0x00000000da400000)
AC   0  F    TS     9 PTAMS 0x00000000da400000 NTAMS 0x00000000da400000 space 1024K,   0% used [0x00000000da400000, 0x00000000da500000)
AC   0  F    TS     9 PTAMS 0x00000000da500000 NTAMS 0x00000000da500000 space 1024K,   0% used [0x00000000da500000, 0x00000000da600000)
AC   0  F    TS     9 PTAMS 0x00000000da600000 NTAMS 0x00000000da600000 space 1024K,   0% used [0x00000000da600000, 0x00000000da700000)
AC   0  F    TS     9 PTAMS 0x00000000da700000 NTAMS 0x00000000da700000 space 1024K,   0% used [0x00000000da700000, 0x00000000da800000)
AC   0  F    TS     9 PTAMS 0x00000000da800000 NTAMS 0x00000000da800000 space 1024K,   0% used [0x00000000da800000, 0x00000000da900000)
AC   0  F    TS     9 PTAMS 0x00000000da900000 NTAMS 0x00000000da900000 space 1024K,   0% used [0x00000000da900000, 0x00000000daa00000)
AC   0  F    TS     9 PTAMS 0x00000000daa00000 NTAMS 0x00000000daa00000 space 1024K,   0% used [0x00000000daa00000, 0x00000000dab00000)
AC   0  F    TS     9 PTAMS 0x00000000dab00000 NTAMS 0x00000000dab00000 space 1024K,   0% used [0x00000000dab00000, 0x00000000dac00000)
AC   0  F    TS     9 PTAMS 0x00000000dac00000 NTAMS 0x00000000dac00000 space 1024K,   0% used [0x00000000dac00000, 0x00000000dad00000)
AC   0  F    TS     9 PTAMS 0x00000000dad00000 NTAMS 0x00000000dad00000 space 1024K,   0% used [0x00000000dad00000, 0x00000000dae00000)
AC   0  F    TS     9 PTAMS 0x00000000dae00000 NTAMS 0x00000000dae00000 space 1024K,   0% used [0x00000000dae00000, 0x00000000daf00000)
AC   0  F    TS     9 PTAMS 0x00000000daf00000 NTAMS 0x00000000daf00000 space 1024K,   0% used [0x00000000daf00000, 0x00000000db000000)
AC   0  F    TS     9 PTAMS 0x00000000db000000 NTAMS 0x00000000db000000 space 1024K,   0% used [0x00000000db000000, 0x00000000db100000)
AC   0  F    TS     9 PTAMS 0x00000000db100000 NTAMS 0x00000000db100000 space 1024K,   0% used [0x00000000db100000, 0x00000000db200000)
AC   0  F    TS     9 PTAMS 0x00000000db200000 NTAMS 0x00000000db200000 space 1024K,   0% used [0x00000000db200000, 0x00000000db300000)
AC   0  F    TS     9 PTAMS 0x00000000db300000 NTAMS 0x00000000db300000 space 1024K,   0% used [0x00000000db300000, 0x00000000db400000)
AC   0  F    TS    11 PTAMS 0x00000000db400000 NTAMS 0x00000000db400000 space 1024K,   0% used [0x00000000db400000, 0x00000000db500000)
AC   0  F    TS    11 PTAMS 0x00000000db500000 NTAMS 0x00000000db500000 space 1024K,   0% used [0x00000000db500000, 0x00000000db600000)
AC   0  F    TS    11 PTAMS 0x00000000db600000 NTAMS 0x00000000db600000 space 1024K,   0% used [0x00000000db600000, 0x00000000db700000)
AC   0  F    TS    11 PTAMS 0x00000000db700000 NTAMS 0x00000000db700000 space 1024K,   0% used [0x00000000db700000, 0x00000000db800000)
AC   0  F    TS    11 PTAMS 0x00000000db800000 NTAMS 0x00000000db800000 space 1024K,   0% used [0x00000000db800000, 0x00000000db900000)
AC   0  F    TS    11 PTAMS 0x00000000db900000 NTAMS 0x00000000db900000 space 1024K,   0% used [0x00000000db900000, 0x00000000dba00000)
AC   0  F    TS    11 PTAMS 0x00000000dba00000 NTAMS 0x00000000dba00000 space 1024K,   0% used [0x00000000dba00000, 0x00000000dbb00000)
AC   0  F    TS    11 PTAMS 0x00000000dbb00000 NTAMS 0x00000000dbb00000 space 1024K,   0% used [0x00000000dbb00000, 0x00000000dbc00000)
AC   0  F    TS    11 PTAMS 0x00000000dbc00000 NTAMS 0x00000000dbc00000 space 1024K,   0% used [0x00000000dbc00000, 0x00000000dbd00000)
AC   0  F    TS    11 PTAMS 0x00000000dbd00000 NTAMS 0x00000000dbd00000 space 1024K,   0% used [0x00000000dbd00000, 0x00000000dbe00000)
AC   0  F    TS    11 PTAMS 0x00000000dbe00000 NTAMS 0x00000000dbe00000 space 1024K,   0% used [0x00000000dbe00000, 0x00000000dbf00000)
AC   0  F    TS    11 PTAMS 0x00000000dbf00000 NTAMS 0x00000000dbf00000 space 1024K,   0% used [0x00000000dbf00000, 0x00000000dc000000)
AC   0  F    TS    11 PTAMS 0x00000000dc000000 NTAMS 0x00000000dc000000 space 1024K,   0% used [0x00000000dc000000, 0x00000000dc100000)
AC   0  F    TS    11 PTAMS 0x00000000dc100000 NTAMS 0x00000000dc100000 space 1024K,   0% used [0x00000000dc100000, 0x00000000dc200000)
AC   0  F    TS    11 PTAMS 0x00000000dc200000 NTAMS 0x00000000dc200000 space 1024K,   0% used [0x00000000dc200000, 0x00000000dc300000)
AC   0  F    TS    11 PTAMS 0x00000000dc300000 NTAMS 0x00000000dc300000 space 1024K,   0% used [0x00000000dc300000, 0x00000000dc400000)
AC   0  F    TS    11 PTAMS 0x00000000dc400000 NTAMS 0x00000000dc400000 space 1024K,   0% used [0x00000000dc400000, 0x00000000dc500000)
AC   0  F    TS    11 PTAMS 0x00000000dc500000 NTAMS 0x00000000dc500000 space 1024K,   0% used [0x00000000dc500000, 0x00000000dc600000)
AC   0  F    TS    11 PTAMS 0x00000000dc600000 NTAMS 0x00000000dc600000 space 1024K,   0% used [0x00000000dc600000, 0x00000000dc700000)
AC   0  F    TS    11 PTAMS 0x00000000dc700000 NTAMS 0x00000000dc700000 space 1024K,   0% used [0x00000000dc700000, 0x00000000dc800000)
AC   0  F    TS    11 PTAMS 0x00000000dc800000 NTAMS 0x00000000dc800000 space 1024K,   0% used [0x00000000dc800000, 0x00000000dc900000)
AC   0  F    TS    11 PTAMS 0x00000000dc900000 NTAMS 0x00000000dc900000 space 1024K,   0% used [0x00000000dc900000, 0x00000000dca00000)
AC   0  F    TS    11 PTAMS 0x00000000dca00000 NTAMS 0x00000000dca00000 space 1024K,   0% used [0x00000000dca00000, 0x00000000dcb00000)
AC   0  F    TS    11 PTAMS 0x00000000dcb00000 NTAMS 0x00000000dcb00000 space 1024K,   0% used [0x00000000dcb00000, 0x00000000dcc00000)
AC   0  F    TS    11 PTAMS 0x00000000dcc00000 NTAMS 0x00000000dcc00000 space 1024K,   0% used [0x00000000dcc00000, 0x00000000dcd00000)
AC   0  F    TS    11 PTAMS 0x00000000dcd00000 NTAMS 0x00000000dcd00000 space 1024K,   0% used [0x00000000dcd00000, 0x00000000dce00000)
AC   0  F    TS    11 PTAMS 0x00000000dce00000 NTAMS 0x00000000dce00000 space 1024K,   0% used [0x00000000dce00000, 0x00000000dcf00000)
AC   0  F    TS    11 PTAMS 0x00000000dcf00000 NTAMS 0x00000000dcf00000 space 1024K,   0% used [0x00000000dcf00000, 0x00000000dd000000)
AC   0  F    TS    11 PTAMS 0x00000000dd000000 NTAMS 0x00000000dd000000 space 1024K,   0% used [0x00000000dd000000, 0x00000000dd100000)
AC   0  F    TS    11 PTAMS 0x00000000dd100000 NTAMS 0x00000000dd100000 space 1024K,   0% used [0x00000000dd100000, 0x00000000dd200000)
AC   0  F    TS    11 PTAMS 0x00000000dd200000 NTAMS 0x00000000dd200000 space 1024K,   0% used [0x00000000dd200000, 0x00000000dd300000)
AC   0  F    TS    11 PTAMS 0x00000000dd300000 NTAMS 0x00000000dd300000 space 1024K,   0% used [0x00000000dd300000, 0x00000000dd400000)
AC   0  F    TS    11 PTAMS 0x00000000dd400000 NTAMS 0x00000000dd400000 space 1024K,   0% used [0x00000000dd400000, 0x00000000dd500000)
AC   0  F    TS    11 PTAMS 0x00000000dd500000 NTAMS 0x00000000dd500000 space 1024K,   0% used [0x00000000dd500000, 0x00000000dd600000)
AC   0  F    TS    11 PTAMS 0x00000000dd600000 NTAMS 0x00000000dd600000 space 1024K,   0% used [0x00000000dd600000, 0x00000000dd700000)
AC   0  F    TS    11 PTAMS 0x00000000dd700000 NTAMS 0x00000000dd700000 space 1024K,   0% used [0x00000000dd700000, 0x00000000dd800000)
AC   0  F    TS    11 PTAMS 0x00000000dd800000 NTAMS 0x00000000dd800000 space 1024K,   0% used [0x00000000dd800000, 0x00000000dd900000)
AC   0  F    TS    11 PTAMS 0x00000000dd900000 NTAMS 0x00000000dd900000 space 1024K,   0% used [0x00000000dd900000, 0x00000000dda00000)
AC   0  F    TS    11 PTAMS 0x00000000dda00000 NTAMS 0x00000000dda00000 space 1024K,   0% used [0x00000000dda00000, 0x00000000ddb00000)
AC   0  F    TS    11 PTAMS 0x00000000ddb00000 NTAMS 0x00000000ddb00000 space 1024K,   0% used [0x00000000ddb00000, 0x00000000ddc00000)
AC   0  F    TS    11 PTAMS 0x00000000ddc00000 NTAMS 0x00000000ddc00000 space 1024K,   0% used [0x00000000ddc00000, 0x00000000ddd00000)
AC   0  F    TS    11 PTAMS 0x00000000ddd00000 NTAMS 0x00000000ddd00000 space 1024K,   0% used [0x00000000ddd00000, 0x00000000dde00000)
AC   0  F    TS    11 PTAMS 0x00000000dde00000 NTAMS 0x00000000dde00000 space 1024K,   0% used [0x00000000dde00000, 0x00000000ddf00000)
AC   0  F    TS    11 PTAMS 0x00000000ddf00000 NTAMS 0x00000000ddf00000 space 1024K,   0% used [0x00000000ddf00000, 0x00000000de000000)
AC   0  F    TS    11 PTAMS 0x00000000de000000 NTAMS 0x00000000de000000 space 1024K,   0% used [0x00000000de000000, 0x00000000de100000)
AC   0  F    TS    11 PTAMS 0x00000000de100000 NTAMS 0x00000000de100000 space 1024K,   0% used [0x00000000de100000, 0x00000000de200000)
AC   0  F    TS    11 PTAMS 0x00000000de200000 NTAMS 0x00000000de200000 space 1024K,   0% used [0x00000000de200000, 0x00000000de300000)
AC   0  F    TS    11 PTAMS 0x00000000de300000 NTAMS 0x00000000de300000 space 1024K,   0% used [0x00000000de300000, 0x00000000de400000)
AC   0  F    TS    11 PTAMS 0x00000000de400000 NTAMS 0x00000000de400000 space 1024K,   0% used [0x00000000de400000, 0x00000000de500000)
AC   0  F    TS    11 PTAMS 0x00000000de500000 NTAMS 0x00000000de500000 space 1024K,   0% used [0x00000000de500000, 0x00000000de600000)
AC   0  F    TS    11 PTAMS 0x00000000de600000 NTAMS 0x00000000de600000 space 1024K,   0% used [0x00000000de600000, 0x00000000de700000)
AC   0  F    TS    11 PTAMS 0x00000000de700000 NTAMS 0x00000000de700000 space 1024K,   0% used [0x00000000de700000, 0x00000000de800000)
AC   0  F    TS    11 PTAMS 0x00000000de800000 NTAMS 0x00000000de800000 space 1024K,   0% used [0x00000000de800000, 0x00000000de900000)
AC   0  F    TS    11 PTAMS 0x00000000de900000 NTAMS 0x00000000de900000 space 1024K,   0% used [0x00000000de900000, 0x00000000dea00000)
AC   0  F    TS    11 PTAMS 0x00000000dea00000 NTAMS 0x00000000dea00000 space 1024K,   0% used [0x00000000dea00000, 0x00000000deb00000)
AC   0  F    TS    11 PTAMS 0x00000000deb00000 NTAMS 0x00000000deb00000 space 1024K,   0% used [0x00000000deb00000, 0x00000000dec00000)
AC   0  F    TS    11 PTAMS 0x00000000dec00000 NTAMS 0x00000000dec00000 space 1024K,   0% used [0x00000000dec00000, 0x00000000ded00000)
AC   0  F    TS    11 PTAMS 0x00000000ded00000 NTAMS 0x00000000ded00000 space 1024K,   0% used [0x00000000ded00000, 0x00000000dee00000)
AC   0  F    TS    11 PTAMS 0x00000000dee00000 NTAMS 0x00000000dee00000 space 1024K,   0% used [0x00000000dee00000, 0x00000000def00000)
AC   0  F    TS    11 PTAMS 0x00000000def00000 NTAMS 0x00000000def00000 space 1024K,   0% used [0x00000000def00000, 0x00000000df000000)
AC   0  F    TS    11 PTAMS 0x00000000df000000 NTAMS 0x00000000df000000 space 1024K,   0% used [0x00000000df000000, 0x00000000df100000)
AC   0  F    TS    11 PTAMS 0x00000000df100000 NTAMS 0x00000000df100000 space 1024K,   0% used [0x00000000df100000, 0x00000000df200000)
AC   0  F    TS    11 PTAMS 0x00000000df200000 NTAMS 0x00000000df200000 space 1024K,   0% used [0x00000000df200000, 0x00000000df300000)
AC   0  F    TS    11 PTAMS 0x00000000df300000 NTAMS 0x00000000df300000 space 1024K,   0% used [0x00000000df300000, 0x00000000df400000)
AC   0  F    TS    11 PTAMS 0x00000000df400000 NTAMS 0x00000000df400000 space 1024K,   0% used [0x00000000df400000, 0x00000000df500000)
AC   0  F    TS    11 PTAMS 0x00000000df500000 NTAMS 0x00000000df500000 space 1024K,   0% used [0x00000000df500000, 0x00000000df600000)
AC   0  F    TS    11 PTAMS 0x00000000df600000 NTAMS 0x00000000df600000 space 1024K,   0% used [0x00000000df600000, 0x00000000df700000)
AC   0  F    TS    11 PTAMS 0x00000000df700000 NTAMS 0x00000000df700000 space 1024K,   0% used [0x00000000df700000, 0x00000000df800000)
AC   0  F    TS    11 PTAMS 0x00000000df800000 NTAMS 0x00000000df800000 space 1024K,   0% used [0x00000000df800000, 0x00000000df900000)
AC   0  F    TS    11 PTAMS 0x00000000df900000 NTAMS 0x00000000df900000 space 1024K,   0% used [0x00000000df900000, 0x00000000dfa00000)
AC   0  F    TS    11 PTAMS 0x00000000dfa00000 NTAMS 0x00000000dfa00000 space 1024K,   0% used [0x00000000dfa00000, 0x00000000dfb00000)
AC   0  F    TS    11 PTAMS 0x00000000dfb00000 NTAMS 0x00000000dfb00000 space 1024K,   0% used [0x00000000dfb00000, 0x00000000dfc00000)
AC   0  F    TS    11 PTAMS 0x00000000dfc00000 NTAMS 0x00000000dfc00000 space 1024K,   0% used [0x00000000dfc00000, 0x00000000dfd00000)
AC   0  F    TS    11 PTAMS 0x00000000dfd00000 NTAMS 0x00000000dfd00000 space 1024K,   0% used [0x00000000dfd00000, 0x00000000dfe00000)
AC   0  F    TS    11 PTAMS 0x00000000dfe00000 NTAMS 0x00000000dfe00000 space 1024K,   0% used [0x00000000dfe00000, 0x00000000dff00000)
AC   0  F    TS    11 PTAMS 0x00000000dff00000 NTAMS 0x00000000dff00000 space 1024K,   0% used [0x00000000dff00000, 0x00000000e0000000)
AC   0  F    TS    11 PTAMS 0x00000000e0000000 NTAMS 0x00000000e0000000 space 1024K,   0% used [0x00000000e0000000, 0x00000000e0100000)
AC   0  F    TS    11 PTAMS 0x00000000e0100000 NTAMS 0x00000000e0100000 space 1024K,   0% used [0x00000000e0100000, 0x00000000e0200000)
AC   0  F    TS    11 PTAMS 0x00000000e0200000 NTAMS 0x00000000e0200000 space 1024K,   0% used [0x00000000e0200000, 0x00000000e0300000)
AC   0  F    TS    11 PTAMS 0x00000000e0300000 NTAMS 0x00000000e0300000 space 1024K,   0% used [0x00000000e0300000, 0x00000000e0400000)
AC   0  F    TS    11 PTAMS 0x00000000e0400000 NTAMS 0x00000000e0400000 space 1024K,   0% used [0x00000000e0400000, 0x00000000e0500000)
AC   0  F    TS    11 PTAMS 0x00000000e0500000 NTAMS 0x00000000e0500000 space 1024K,   0% used [0x00000000e0500000, 0x00000000e0600000)
AC   0  F    TS    11 PTAMS 0x00000000e0600000 NTAMS 0x00000000e0600000 space 1024K,   0% used [0x00000000e0600000, 0x00000000e0700000)
AC   0  F    TS    11 PTAMS 0x00000000e0700000 NTAMS 0x00000000e0700000 space 1024K,   0% used [0x00000000e0700000, 0x00000000e0800000)
AC   0  F    TS    11 PTAMS 0x00000000e0800000 NTAMS 0x00000000e0800000 space 1024K,   0% used [0x00000000e0800000, 0x00000000e0900000)
AC   0  F    TS    11 PTAMS 0x00000000e0900000 NTAMS 0x00000000e0900000 space 1024K,   0% used [0x00000000e0900000, 0x00000000e0a00000)
AC   0  F    TS    11 PTAMS 0x00000000e0a00000 NTAMS 0x00000000e0a00000 space 1024K,   0% used [0x00000000e0a00000, 0x00000000e0b00000)
AC   0  F    TS    11 PTAMS 0x00000000e0b00000 NTAMS 0x00000000e0b00000 space 1024K,   0% used [0x00000000e0b00000, 0x00000000e0c00000)
AC   0  F    TS    11 PTAMS 0x00000000e0c00000 NTAMS 0x00000000e0c00000 space 1024K,   0% used [0x00000000e0c00000, 0x00000000e0d00000)
AC   0  F    TS    11 PTAMS 0x00000000e0d00000 NTAMS 0x00000000e0d00000 space 1024K,   0% used [0x00000000e0d00000, 0x00000000e0e00000)
AC   0  F    TS    11 PTAMS 0x00000000e0e00000 NTAMS 0x00000000e0e00000 space 1024K,   0% used [0x00000000e0e00000, 0x00000000e0f00000)
AC   0  S CS TS    13 PTAMS 0x00000000e0f00000 NTAMS 0x00000000e0f00000 space 1024K, 100% used [0x00000000e0f00000, 0x00000000e1000000)
AC   0  S CS TS    13 PTAMS 0x00000000e1000000 NTAMS 0x00000000e1000000 space 1024K, 100% used [0x00000000e1000000, 0x00000000e1100000)
AC   0  S CS TS    13 PTAMS 0x00000000e1100000 NTAMS 0x00000000e1100000 space 1024K, 100% used [0x00000000e1100000, 0x00000000e1200000)
AC   0  S CS TS    13 PTAMS 0x00000000e1200000 NTAMS 0x00000000e1200000 space 1024K, 100% used [0x00000000e1200000, 0x00000000e1300000)
AC   0  F    TS    11 PTAMS 0x00000000e1300000 NTAMS 0x00000000e1300000 space 1024K,   0% used [0x00000000e1300000, 0x00000000e1400000)
AC   0  F    TS    11 PTAMS 0x00000000e1400000 NTAMS 0x00000000e1400000 space 1024K,   0% used [0x00000000e1400000, 0x00000000e1500000)
AC   0  F    TS    11 PTAMS 0x00000000e1500000 NTAMS 0x00000000e1500000 space 1024K,   0% used [0x00000000e1500000, 0x00000000e1600000)
AC   0  F    TS    11 PTAMS 0x00000000e1600000 NTAMS 0x00000000e1600000 space 1024K,   0% used [0x00000000e1600000, 0x00000000e1700000)
AC   0  F    TS    11 PTAMS 0x00000000e1700000 NTAMS 0x00000000e1700000 space 1024K,   0% used [0x00000000e1700000, 0x00000000e1800000)
AC   0  F    TS    11 PTAMS 0x00000000e1800000 NTAMS 0x00000000e1800000 space 1024K,   0% used [0x00000000e1800000, 0x00000000e1900000)
AC   0  F    TS    11 PTAMS 0x00000000e1900000 NTAMS 0x00000000e1900000 space 1024K,   0% used [0x00000000e1900000, 0x00000000e1a00000)
AC   0  F    TS    11 PTAMS 0x00000000e1a00000 NTAMS 0x00000000e1a00000 space 1024K,   0% used [0x00000000e1a00000, 0x00000000e1b00000)
AC   0  F    TS    11 PTAMS 0x00000000e1b00000 NTAMS 0x00000000e1b00000 space 1024K,   0% used [0x00000000e1b00000, 0x00000000e1c00000)
AC   0  F    TS    11 PTAMS 0x00000000e1c00000 NTAMS 0x00000000e1c00000 space 1024K,   0% used [0x00000000e1c00000, 0x00000000e1d00000)
AC   0  F    TS    11 PTAMS 0x00000000e1d00000 NTAMS 0x00000000e1d00000 space 1024K,   0% used [0x00000000e1d00000, 0x00000000e1e00000)
AC   0  F    TS    11 PTAMS 0x00000000e1e00000 NTAMS 0x00000000e1e00000 space 1024K,   0% used [0x00000000e1e00000, 0x00000000e1f00000)
AC   0  F    TS    11 PTAMS 0x00000000e1f00000 NTAMS 0x00000000e1f00000 space 1024K,   0% used [0x00000000e1f00000, 0x00000000e2000000)
AC   0  F    TS    11 PTAMS 0x00000000e2000000 NTAMS 0x00000000e2000000 space 1024K,   0% used [0x00000000e2000000, 0x00000000e2100000)
AC   0  F    TS    11 PTAMS 0x00000000e2100000 NTAMS 0x00000000e2100000 space 1024K,   0% used [0x00000000e2100000, 0x00000000e2200000)
AC   0  F    TS    11 PTAMS 0x00000000e2200000 NTAMS 0x00000000e2200000 space 1024K,   0% used [0x00000000e2200000, 0x00000000e2300000)
AC   0  F    TS    11 PTAMS 0x00000000e2300000 NTAMS 0x00000000e2300000 space 1024K,   0% used [0x00000000e2300000, 0x00000000e2400000)
AC   0  F    TS    11 PTAMS 0x00000000e2400000 NTAMS 0x00000000e2400000 space 1024K,   0% used [0x00000000e2400000, 0x00000000e2500000)
AC   0  E    TS    11 PTAMS 0x00000000e2500000 NTAMS 0x00000000e2500000 space 1024K,   9% used [0x00000000e2500000, 0x00000000e2600000)
AC   0  E CS TS    11 PTAMS 0x00000000e2600000 NTAMS 0x00000000e2600000 space 1024K, 100% used [0x00000000e2600000, 0x00000000e2700000)
AC   0  E CS TS    11 PTAMS 0x00000000e2700000 NTAMS 0x00000000e2700000 space 1024K, 100% used [0x00000000e2700000, 0x00000000e2800000)
AC   0  E CS TS    11 PTAMS 0x00000000e2800000 NTAMS 0x00000000e2800000 space 1024K, 100% used [0x00000000e2800000, 0x00000000e2900000)
AC   0  E CS TS    11 PTAMS 0x00000000e2900000 NTAMS 0x00000000e2900000 space 1024K, 100% used [0x00000000e2900000, 0x00000000e2a00000)

Card table byte_map: [0x00000000127d0000,0x00000000129d0000] byte_map_base: 0x00000000121d0000

Marking Bits (Prev, Next): (CMBitMap*) 0x0000000002811048, (CMBitMap*) 0x00000000028110a0
 Prev Bits: [0x0000000012bd0000, 0x0000000013bd0000)
 Next Bits: [0x0000000013bd0000, 0x0000000014bd0000)

Polling page: 0x00000000007b0000

CodeCache: size=245760Kb used=21739Kb max_used=21769Kb free=224020Kb
 bounds [0x00000000028e0000, 0x0000000003e50000, 0x00000000118e0000]
 total_blobs=6552 nmethods=5977 adapters=484
 compilation: enabled

Compilation events (10 events):
Event: 20937.160 Thread 0x0000000017f3c000 7241       3       java.lang.String::<init> (38 bytes)
Event: 20937.224 Thread 0x0000000017f3c000 nmethod 7241 0x0000000003aa98d0 code [0x0000000003aa9a60, 0x0000000003aa9e08]
Event: 20937.308 Thread 0x0000000017f39000 nmethod 7243 0x0000000002d6fb50 code [0x0000000002d6fcc0, 0x0000000002d70138]
Event: 20937.308 Thread 0x0000000017f39000 7245   !   4       java.util.jar.Attributes::read (380 bytes)
Event: 20937.420 Thread 0x0000000017f3c000 7242   !   3       java.lang.StringCoding::decode (120 bytes)
Event: 20937.450 Thread 0x0000000017f3c000 nmethod 7242 0x0000000003e403d0 code [0x0000000003e40720, 0x0000000003e42218]
Event: 20937.631 Thread 0x0000000017f3c000 7247       3       sun.nio.cs.ISO_8859_1::newEncoder (10 bytes)
Event: 20937.638 Thread 0x0000000017f3c000 nmethod 7247 0x0000000002c101d0 code [0x0000000002c103a0, 0x0000000002c10948]
Event: 20937.761 Thread 0x0000000017f3c000 7248       3       sun.nio.cs.ISO_8859_1$Encoder::<init> (6 bytes)
Event: 20937.770 Thread 0x0000000017f3c000 nmethod 7248 0x0000000002f9cd10 code [0x0000000002f9cee0, 0x0000000002f9d3c8]

GC Heap History (10 events):
Event: 9389.147 GC heap before
{Heap before GC invocations=269 (full 0):
 garbage-first heap   total 73728K, used 33640K [0x00000000c0000000, 0x00000000c0100240, 0x0000000100000000)
  region size 1024K, 7 young (7168K), 1 survivors (1024K)
 Metaspace       used 46916K, capacity 49676K, committed 50048K, reserved 1093632K
  class space    used 4802K, capacity 5666K, committed 5760K, reserved 1048576K
Event: 9389.163 GC heap after
Heap after GC invocations=270 (full 0):
 garbage-first heap   total 147456K, used 26833K [0x00000000c0000000, 0x00000000c0100480, 0x0000000100000000)
  region size 1024K, 1 young (1024K), 1 survivors (1024K)
 Metaspace       used 46916K, capacity 49676K, committed 50048K, reserved 1093632K
  class space    used 4802K, capacity 5666K, committed 5760K, reserved 1048576K
}
Event: 9390.082 GC heap before
{Heap before GC invocations=270 (full 0):
 garbage-first heap   total 147456K, used 39121K [0x00000000c0000000, 0x00000000c0100480, 0x0000000100000000)
  region size 1024K, 13 young (13312K), 1 survivors (1024K)
 Metaspace       used 46941K, capacity 49740K, committed 50048K, reserved 1093632K
  class space    used 4802K, capacity 5666K, committed 5760K, reserved 1048576K
Event: 9390.110 GC heap after
Heap after GC invocations=271 (full 0):
 garbage-first heap   total 294912K, used 27157K [0x00000000c0000000, 0x00000000c0100900, 0x0000000100000000)
  region size 1024K, 1 young (1024K), 1 survivors (1024K)
 Metaspace       used 46941K, capacity 49740K, committed 50048K, reserved 1093632K
  class space    used 4802K, capacity 5666K, committed 5760K, reserved 1048576K
}
Event: 9392.172 GC heap before
{Heap before GC invocations=271 (full 0):
 garbage-first heap   total 294912K, used 46613K [0x00000000c0000000, 0x00000000c0100900, 0x0000000100000000)
  region size 1024K, 20 young (20480K), 1 survivors (1024K)
 Metaspace       used 47004K, capacity 49804K, committed 50048K, reserved 1093632K
  class space    used 4802K, capacity 5666K, committed 5760K, reserved 1048576K
Event: 9392.199 GC heap after
Heap after GC invocations=272 (full 0):
 garbage-first heap   total 446464K, used 29776K [0x00000000c0000000, 0x00000000c0100da0, 0x0000000100000000)
  region size 1024K, 3 young (3072K), 3 survivors (3072K)
 Metaspace       used 47004K, capacity 49804K, committed 50048K, reserved 1093632K
  class space    used 4802K, capacity 5666K, committed 5760K, reserved 1048576K
}
Event: 10705.116 GC heap before
{Heap before GC invocations=272 (full 0):
 garbage-first heap   total 446464K, used 56400K [0x00000000c0000000, 0x00000000c0100da0, 0x0000000100000000)
  region size 1024K, 29 young (29696K), 3 survivors (3072K)
 Metaspace       used 47056K, capacity 49810K, committed 50048K, reserved 1093632K
  class space    used 4802K, capacity 5667K, committed 5760K, reserved 1048576K
Event: 10705.699 GC heap after
Heap after GC invocations=273 (full 0):
 garbage-first heap   total 567296K, used 35193K [0x00000000c0000000, 0x00000000c0101150, 0x0000000100000000)
  region size 1024K, 4 young (4096K), 4 survivors (4096K)
 Metaspace       used 47056K, capacity 49810K, committed 50048K, reserved 1093632K
  class space    used 4802K, capacity 5667K, committed 5760K, reserved 1048576K
}
Event: 20562.844 GC heap before
{Heap before GC invocations=273 (full 0):
 garbage-first heap   total 567296K, used 58745K [0x00000000c0000000, 0x00000000c0101150, 0x0000000100000000)
  region size 1024K, 27 young (27648K), 4 survivors (4096K)
 Metaspace       used 47083K, capacity 49874K, committed 50048K, reserved 1093632K
  class space    used 4802K, capacity 5667K, committed 5760K, reserved 1048576K
Event: 20563.158 GC heap after
Heap after GC invocations=274 (full 0):
 garbage-first heap   total 567296K, used 45568K [0x00000000c0000000, 0x00000000c0101150, 0x0000000100000000)
  region size 1024K, 4 young (4096K), 4 survivors (4096K)
 Metaspace       used 47083K, capacity 49874K, committed 50048K, reserved 1093632K
  class space    used 4802K, capacity 5667K, committed 5760K, reserved 1048576K
}

Deoptimization events (10 events):
Event: 8501.824 Thread 0x0000000019db3000 Uncommon trap: reason=unstable_if action=reinterpret pc=0x0000000003960888 method=org.eclipse.core.internal.events.ResourceComparator.compare(Ljava/lang/Object;Ljava/lang/Object;)I @ 178
Event: 8812.967 Thread 0x000000001c0ac800 Uncommon trap: reason=unstable_if action=reinterpret pc=0x0000000003a3f328 method=org.eclipse.core.internal.dtree.AbstractDataTreeNode.assembleWith([Lorg/eclipse/core/internal/dtree/AbstractDataTreeNode;[Lorg/eclipse/core/internal/dtree/AbstractDataTreeNo
Event: 8991.534 Thread 0x000000001c0ac800 Uncommon trap: reason=unstable_if action=reinterpret pc=0x00000000036ecf54 method=org.eclipse.core.internal.dtree.AbstractDataTreeNode.compareWith([Lorg/eclipse/core/internal/dtree/AbstractDataTreeNode;[Lorg/eclipse/core/internal/dtree/AbstractDataTreeNod
Event: 9374.349 Thread 0x000000001996c000 Uncommon trap: reason=bimorphic action=maybe_recompile pc=0x00000000037f1eac method=java.io.FileDescriptor.closeAll(Ljava/io/Closeable;)V @ 121
Event: 9375.693 Thread 0x000000001c0ac800 Uncommon trap: reason=unstable_if action=reinterpret pc=0x00000000038df1ec method=org.eclipse.jdt.internal.core.builder.IncrementalImageBuilder.writeClassFileCheck(Lorg/eclipse/core/resources/IFile;Ljava/lang/String;[B)Z @ 11
Event: 9377.421 Thread 0x000000001996c000 Uncommon trap: reason=unstable_if action=reinterpret pc=0x000000000371f048 method=org.eclipse.core.internal.watson.ElementTree.getElementData(Lorg/eclipse/core/runtime/IPath;)Ljava/lang/Object; @ 17
Event: 9382.719 Thread 0x000000001996c000 Uncommon trap: reason=bimorphic action=maybe_recompile pc=0x00000000037f1eac method=java.io.FileDescriptor.closeAll(Ljava/io/Closeable;)V @ 121
Event: 20936.381 Thread 0x0000000019631000 Uncommon trap: reason=unstable_if action=reinterpret pc=0x0000000003e39df4 method=org.eclipse.jdt.ls.core.internal.ParentProcessWatcher.parentProcessStillRunning()Z @ 111
Event: 20936.625 Thread 0x0000000019631000 Uncommon trap: reason=unstable_if action=reinterpret pc=0x0000000003e373a8 method=java.util.concurrent.locks.AbstractQueuedSynchronizer.acquireInterruptibly(I)V @ 3
Event: 20936.648 Thread 0x0000000019631000 Uncommon trap: reason=unstable_if action=reinterpret pc=0x0000000003e35e8c method=java.util.concurrent.ScheduledThreadPoolExecutor$DelayedWorkQueue.take()Ljava/util/concurrent/RunnableScheduledFuture; @ 17

Classes redefined (0 events):
No events

Internal exceptions (10 events):
Event: 7962.448 Thread 0x000000001c0ae000 Exception <a 'java/lang/ArrayIndexOutOfBoundsException'> (0x00000000c1f51a30) thrown at [C:\re\workspace\8-2-build-windows-amd64-cygwin\jdk8u172\10810\hotspot\src\share\vm\runtime\sharedRuntime.cpp, line 605]
Event: 7962.450 Thread 0x000000001c0ae000 Exception <a 'java/lang/ArrayIndexOutOfBoundsException'> (0x00000000c1f55bc8) thrown at [C:\re\workspace\8-2-build-windows-amd64-cygwin\jdk8u172\10810\hotspot\src\share\vm\runtime\sharedRuntime.cpp, line 605]
Event: 7962.455 Thread 0x000000001c0ae000 Exception <a 'java/lang/ArrayIndexOutOfBoundsException'> (0x00000000c1f5a5e0) thrown at [C:\re\workspace\8-2-build-windows-amd64-cygwin\jdk8u172\10810\hotspot\src\share\vm\runtime\sharedRuntime.cpp, line 605]
Event: 7964.518 Thread 0x000000001996c000 Implicit null exception at 0x00000000036c0456 to 0x00000000036c1ab1
Event: 9375.352 Thread 0x000000001c0ac800 Exception <a 'sun/nio/fs/WindowsException'> (0x00000000c1f50040) thrown at [C:\re\workspace\8-2-build-windows-amd64-cygwin\jdk8u172\10810\hotspot\src\share\vm\prims\jni.cpp, line 709]
Event: 9375.360 Thread 0x000000001c0ac800 Exception <a 'sun/nio/fs/WindowsException'> (0x00000000c1f51ce0) thrown at [C:\re\workspace\8-2-build-windows-amd64-cygwin\jdk8u172\10810\hotspot\src\share\vm\prims\jni.cpp, line 709]
Event: 9375.882 Thread 0x000000001c0ac800 Exception <a 'sun/nio/fs/WindowsException'> (0x00000000c234b3a8) thrown at [C:\re\workspace\8-2-build-windows-amd64-cygwin\jdk8u172\10810\hotspot\src\share\vm\prims\jni.cpp, line 709]
Event: 9375.883 Thread 0x000000001c0ac800 Exception <a 'sun/nio/fs/WindowsException'> (0x00000000c234d020) thrown at [C:\re\workspace\8-2-build-windows-amd64-cygwin\jdk8u172\10810\hotspot\src\share\vm\prims\jni.cpp, line 709]
Event: 9377.019 Thread 0x000000001996c000 Implicit null exception at 0x000000000371dbd0 to 0x000000000371f02d
Event: 20936.646 Thread 0x0000000019631000 Implicit null exception at 0x0000000003e358d1 to 0x0000000003e35e7d

Events (10 events):
Event: 20936.886 Thread 0x0000000017f3c000 flushing nmethod 0x0000000002c0ef50
Event: 20936.934 loading class org/eclipse/osgi/internal/framework/EquinoxBundle$SystemBundle$EquinoxSystemModule$1
Event: 20936.934 loading class org/eclipse/osgi/internal/framework/EquinoxBundle$SystemBundle$EquinoxSystemModule$1 done
Event: 20937.038 Thread 0x0000000017f3c000 flushing nmethod 0x0000000002d6f6d0
Event: 20937.482 Thread 0x000000001c0ac000 Thread added: 0x000000001c0ac000
Event: 20937.492 Thread 0x0000000017f3c000 flushing nmethod 0x0000000002f9cc10
Event: 20937.545 Thread 0x0000000017f3c000 flushing nmethod 0x000000000302aed0
Event: 20937.629 loading class org/eclipse/osgi/container/Module$StopOptions
Event: 20937.629 loading class org/eclipse/osgi/container/Module$StopOptions done
Event: 20937.694 Thread 0x0000000017f3c000 flushing nmethod 0x0000000003103c90


Dynamic libraries:
0x00007ff660460000 - 0x00007ff660497000 	C:\Program Files\Java\jdk1.8.0_172\bin\java.exe
0x00007ffeab4e0000 - 0x00007ffeab6c1000 	C:\WINDOWS\SYSTEM32\ntdll.dll
0x00007ffea8970000 - 0x00007ffea8a22000 	C:\WINDOWS\System32\KERNEL32.DLL
0x00007ffea78b0000 - 0x00007ffea7b23000 	C:\WINDOWS\System32\KERNELBASE.dll
0x00007ffeab2a0000 - 0x00007ffeab341000 	C:\WINDOWS\System32\ADVAPI32.dll
0x00007ffeab200000 - 0x00007ffeab29e000 	C:\WINDOWS\System32\msvcrt.dll
0x00007ffea8bd0000 - 0x00007ffea8c2b000 	C:\WINDOWS\System32\sechost.dll
0x00007ffea8f20000 - 0x00007ffea9044000 	C:\WINDOWS\System32\RPCRT4.dll
0x00007ffea8d90000 - 0x00007ffea8f20000 	C:\WINDOWS\System32\USER32.dll
0x00007ffea7f20000 - 0x00007ffea7f40000 	C:\WINDOWS\System32\win32u.dll
0x00007ffeab480000 - 0x00007ffeab4a8000 	C:\WINDOWS\System32\GDI32.dll
0x00007ffea7b30000 - 0x00007ffea7cc2000 	C:\WINDOWS\System32\gdi32full.dll
0x00007ffea7d80000 - 0x00007ffea7e1f000 	C:\WINDOWS\System32\msvcp_win.dll
0x00007ffea7e20000 - 0x00007ffea7f1a000 	C:\WINDOWS\System32\ucrtbase.dll
0x00007ffe991b0000 - 0x00007ffe99419000 	C:\WINDOWS\WinSxS\amd64_microsoft.windows.common-controls_6595b64144ccf1df_6.0.17134.165_none_fb429645306569ac\COMCTL32.dll
0x00007ffea97d0000 - 0x00007ffea9af3000 	C:\WINDOWS\System32\combase.dll
0x00007ffea7f40000 - 0x00007ffea7fba000 	C:\WINDOWS\System32\bcryptPrimitives.dll
0x00007ffea9350000 - 0x00007ffea937d000 	C:\WINDOWS\System32\IMM32.DLL
0x000000005e940000 - 0x000000005ea12000 	C:\Program Files\Java\jdk1.8.0_172\jre\bin\msvcr100.dll
0x000000005e090000 - 0x000000005e933000 	C:\Program Files\Java\jdk1.8.0_172\jre\bin\server\jvm.dll
0x00007ffea9d40000 - 0x00007ffea9d48000 	C:\WINDOWS\System32\PSAPI.DLL
0x00007ffea6420000 - 0x00007ffea6429000 	C:\WINDOWS\SYSTEM32\WSOCK32.dll
0x00007ffea9d50000 - 0x00007ffea9dbc000 	C:\WINDOWS\System32\WS2_32.dll
0x00007ffea5090000 - 0x00007ffea50b3000 	C:\WINDOWS\SYSTEM32\WINMM.dll
0x00007ffe9b140000 - 0x00007ffe9b14a000 	C:\WINDOWS\SYSTEM32\VERSION.dll
0x00007ffea5060000 - 0x00007ffea508a000 	C:\WINDOWS\SYSTEM32\WINMMBASE.dll
0x00007ffea7cd0000 - 0x00007ffea7d19000 	C:\WINDOWS\System32\cfgmgr32.dll
0x000000005e080000 - 0x000000005e08f000 	C:\Program Files\Java\jdk1.8.0_172\jre\bin\verify.dll
0x000000005e050000 - 0x000000005e079000 	C:\Program Files\Java\jdk1.8.0_172\jre\bin\java.dll
0x000000005e030000 - 0x000000005e046000 	C:\Program Files\Java\jdk1.8.0_172\jre\bin\zip.dll
0x00007ffea9dc0000 - 0x00007ffeab200000 	C:\WINDOWS\System32\SHELL32.dll
0x00007ffea9c90000 - 0x00007ffea9d39000 	C:\WINDOWS\System32\shcore.dll
0x00007ffea81b0000 - 0x00007ffea88bd000 	C:\WINDOWS\System32\windows.storage.dll
0x00007ffea8d30000 - 0x00007ffea8d81000 	C:\WINDOWS\System32\shlwapi.dll
0x00007ffea7870000 - 0x00007ffea7881000 	C:\WINDOWS\System32\kernel.appcore.dll
0x00007ffea7890000 - 0x00007ffea78af000 	C:\WINDOWS\System32\profapi.dll
0x00007ffea7820000 - 0x00007ffea786c000 	C:\WINDOWS\System32\powrprof.dll
0x00007ffea77f0000 - 0x00007ffea77fa000 	C:\WINDOWS\System32\FLTLIB.DLL
0x00007ffea71c0000 - 0x00007ffea71d7000 	C:\WINDOWS\SYSTEM32\CRYPTSP.dll
0x00007ffea6bf0000 - 0x00007ffea6c23000 	C:\WINDOWS\system32\rsaenh.dll
0x00007ffea72f0000 - 0x00007ffea7315000 	C:\WINDOWS\SYSTEM32\bcrypt.dll
0x00007ffea7720000 - 0x00007ffea7748000 	C:\WINDOWS\SYSTEM32\USERENV.dll
0x00007ffea71e0000 - 0x00007ffea71eb000 	C:\WINDOWS\SYSTEM32\CRYPTBASE.dll
0x000000005e010000 - 0x000000005e02a000 	C:\Program Files\Java\jdk1.8.0_172\jre\bin\net.dll
0x00007ffea7010000 - 0x00007ffea7076000 	C:\WINDOWS\system32\mswsock.dll
0x00007ffea6d90000 - 0x00007ffea6dc8000 	C:\WINDOWS\SYSTEM32\IPHLPAPI.DLL
0x00007ffea8c90000 - 0x00007ffea8c98000 	C:\WINDOWS\System32\NSI.dll
0x00007ffe9e800000 - 0x00007ffe9e816000 	C:\WINDOWS\SYSTEM32\dhcpcsvc6.DLL
0x00007ffe9ed20000 - 0x00007ffe9ed3a000 	C:\WINDOWS\SYSTEM32\dhcpcsvc.DLL
0x000000005dff0000 - 0x000000005e001000 	C:\Program Files\Java\jdk1.8.0_172\jre\bin\nio.dll
0x00007ffe98800000 - 0x00007ffe98829000 	C:\Users\cleon\.vscode\extensions\redhat.java-0.29.0\server\config_win\org.eclipse.equinox.launcher\org.eclipse.equinox.launcher.win32.win32.x86_64_1.1.800.v20180723-0853\eclipse_1705.dll
0x00007ffe99090000 - 0x00007ffe990a1000 	C:\Users\cleon\.vscode\extensions\redhat.java-0.29.0\server\config_win\org.eclipse.osgi\24\0\.cp\jWinHttp-1.0.0.dll
0x00007ffea91f0000 - 0x00007ffea9341000 	C:\WINDOWS\System32\ole32.dll
0x00007ffea04e0000 - 0x00007ffea05bc000 	C:\WINDOWS\SYSTEM32\WINHTTP.dll

VM Arguments:
jvm_args: -Declipse.application=org.eclipse.jdt.ls.core.id1 -Dosgi.bundles.defaultStartLevel=4 -Declipse.product=org.eclipse.jdt.ls.core.product -Xverify:none -Xmx1G -XX:+UseG1GC -XX:+UseStringDeduplication 
java_command: C:\Users\cleon\.vscode\extensions\redhat.java-0.29.0\server\plugins\org.eclipse.equinox.launcher_1.5.100.v20180611-1436.jar -configuration C:\Users\cleon\.vscode\extensions\redhat.java-0.29.0\server\config_win -data C:\Users\cleon\AppData\Roaming\Code\User\workspaceStorage\b30954aec0d120dbb82d01dfad67deb4\redhat.java\jdt_ws
java_class_path (initial): C:\Users\cleon\.vscode\extensions\redhat.java-0.29.0\server\plugins\org.eclipse.equinox.launcher_1.5.100.v20180611-1436.jar
Launcher Type: SUN_STANDARD

Environment Variables:
JAVA_HOME=C:\Program Files\Java\jdk1.8.0_172
PATH=C:\Program Files (x86)\Common Files\Oracle\Java\javapath;C:\WINDOWS\system32;C:\WINDOWS;C:\WINDOWS\System32\Wbem;C:\WINDOWS\System32\WindowsPowerShell\v1.0\;C:\Program Files (x86)\PharosSystems\Core;C:\Program Files (x86)\BaseX\bin;C:\Program Files\Java\jdk1.8.0_172\bin;C:\apache-maven-3.5.3\bin;C:\Program Files\Notepad++;C:\WINDOWS\System32\OpenSSH\;C:\Program Files\nodejs\;C:\Program Files\Microsoft VS Code\bin;C:\Program Files\Git\cmd;C:\Users\cleon\AppData\Local\Microsoft\WindowsApps;C:\Users\cleon\AppData\Roaming\npm;C:\Users\cleon\flutter\bin;
USERNAME=cleon
OS=Windows_NT
PROCESSOR_IDENTIFIER=Intel64 Family 6 Model 76 Stepping 4, GenuineIntel



---------------  S Y S T E M  ---------------

OS: Windows 10.0 , 64 bit Build 17134 (10.0.17134.1)

CPU:total 2 (initial active 2) (2 cores per cpu, 1 threads per core) family 6 model 76 stepping 4, cmov, cx8, fxsr, mmx, sse, sse2, sse3, ssse3, sse4.1, sse4.2, popcnt, aes, clmul, erms, 3dnowpref, tsc, tscinvbit

Memory: 4k page, physical 1946668k(180452k free), swap 5685160k(4644k free)

vm_info: Java HotSpot(TM) 64-Bit Server VM (25.172-b11) for windows-amd64 JRE (1.8.0_172-b11), built on Mar 28 2018 21:21:52 by "java_re" with MS VC++ 10.0 (VS2010)

time: Fri Aug 03 17:10:30 2018
elapsed time: 20938 seconds (0d 5h 48m 58s)

